TN:
SF:front/js/core/Kom.js
FN:24,(anonymous_0)
FN:57,(anonymous_1)
FN:86,(anonymous_2)
FN:105,(anonymous_3)
FN:135,(anonymous_4)
FN:163,(anonymous_5)
FN:164,(anonymous_6)
FN:202,(anonymous_7)
FN:221,(anonymous_8)
FN:239,(anonymous_9)
FN:264,(anonymous_10)
FN:265,(anonymous_11)
FN:294,(anonymous_12)
FN:314,(anonymous_13)
FN:315,(anonymous_14)
FN:344,(anonymous_15)
FN:345,(anonymous_16)
FN:376,(anonymous_17)
FN:398,(anonymous_18)
FN:399,(anonymous_19)
FN:423,(anonymous_20)
FN:424,(anonymous_21)
FN:444,(anonymous_22)
FN:458,(anonymous_23)
FN:490,(anonymous_24)
FN:491,(anonymous_25)
FN:495,(anonymous_26)
FN:502,(anonymous_27)
FNF:28
FNH:10
FNDA:12,(anonymous_0)
FNDA:14,(anonymous_1)
FNDA:14,(anonymous_2)
FNDA:15,(anonymous_3)
FNDA:8,(anonymous_4)
FNDA:9,(anonymous_5)
FNDA:9,(anonymous_6)
FNDA:3,(anonymous_7)
FNDA:3,(anonymous_8)
FNDA:3,(anonymous_9)
FNDA:0,(anonymous_10)
FNDA:0,(anonymous_11)
FNDA:0,(anonymous_12)
FNDA:0,(anonymous_13)
FNDA:0,(anonymous_14)
FNDA:0,(anonymous_15)
FNDA:0,(anonymous_16)
FNDA:0,(anonymous_17)
FNDA:0,(anonymous_18)
FNDA:0,(anonymous_19)
FNDA:0,(anonymous_20)
FNDA:0,(anonymous_21)
FNDA:0,(anonymous_22)
FNDA:0,(anonymous_23)
FNDA:0,(anonymous_24)
FNDA:0,(anonymous_25)
FNDA:0,(anonymous_26)
FNDA:0,(anonymous_27)
DA:29,12
DA:34,12
DA:36,12
DA:58,14
DA:59,9
DA:60,9
DA:62,9
DA:63,9
DA:65,9
DA:70,5
DA:87,14
DA:106,15
DA:107,10
DA:108,1
DA:111,5
DA:136,8
DA:137,2
DA:138,6
DA:139,1
DA:140,5
DA:141,1
DA:143,4
DA:164,9
DA:165,9
DA:166,6
DA:167,2
DA:168,1
DA:170,1
DA:172,4
DA:173,4
DA:174,4
DA:176,0
DA:179,0
DA:182,3
DA:203,3
DA:222,3
DA:240,3
DA:265,0
DA:266,0
DA:271,0
DA:295,0
DA:315,0
DA:316,0
DA:345,0
DA:346,0
DA:352,0
DA:377,0
DA:399,0
DA:400,0
DA:424,0
DA:426,0
DA:427,0
DA:428,0
DA:430,0
DA:431,0
DA:432,0
DA:433,0
DA:434,0
DA:435,0
DA:436,0
DA:440,0
DA:441,0
DA:442,0
DA:444,0
DA:445,0
DA:447,0
DA:449,0
DA:450,0
DA:453,0
DA:458,0
DA:459,0
DA:462,0
DA:463,0
DA:491,0
DA:492,0
DA:493,0
DA:494,0
DA:495,0
DA:496,0
DA:497,0
DA:502,0
DA:503,0
DA:505,0
LF:83
LH:35
BRDA:58,0,0,9
BRDA:58,0,1,5
BRDA:58,1,0,14
BRDA:58,1,1,9
BRDA:63,2,0,9
BRDA:63,2,1,0
BRDA:63,3,0,9
BRDA:63,3,1,9
BRDA:106,4,0,10
BRDA:106,4,1,5
BRDA:107,5,0,1
BRDA:107,5,1,9
BRDA:136,6,0,2
BRDA:136,6,1,6
BRDA:138,7,0,1
BRDA:138,7,1,5
BRDA:140,8,0,1
BRDA:140,8,1,4
BRDA:165,9,0,6
BRDA:165,9,1,3
BRDA:166,10,0,2
BRDA:166,10,1,4
BRDA:167,11,0,1
BRDA:167,11,1,1
BRDA:172,12,0,4
BRDA:172,12,1,0
BRDA:172,13,0,4
BRDA:172,13,1,2
BRDA:173,14,0,4
BRDA:173,14,1,0
BRDA:264,15,0,0
BRDA:344,16,0,0
BRDA:431,17,0,0
BRDA:431,17,1,0
BRDA:445,18,0,0
BRDA:445,18,1,0
BRDA:496,19,0,0
BRDA:496,19,1,0
BRF:38
BRH:27
end_of_record
TN:
SF:front/js/core/Lang.js
FN:19,(anonymous_0)
FN:39,(anonymous_1)
FN:62,(anonymous_2)
FN:63,(anonymous_3)
FN:82,(anonymous_4)
FNF:5
FNH:4
FNDA:1,(anonymous_0)
FNDA:1,(anonymous_1)
FNDA:1,(anonymous_2)
FNDA:1,(anonymous_3)
FNDA:0,(anonymous_4)
DA:21,1
DA:22,0
DA:28,1
DA:33,1
DA:35,1
DA:41,1
DA:42,0
DA:45,1
DA:63,1
DA:64,1
DA:65,1
DA:83,0
DA:84,0
DA:87,0
LF:14
LH:9
BRDA:21,0,0,0
BRDA:21,0,1,1
BRDA:28,1,0,1
BRDA:28,1,1,0
BRDA:41,2,0,0
BRDA:41,2,1,1
BRDA:41,3,0,1
BRDA:41,3,1,1
BRDA:41,3,2,1
BRDA:83,4,0,0
BRDA:83,4,1,0
BRF:11
BRH:6
end_of_record
TN:
SF:front/js/utils/CustomEvents.js
FN:13,(anonymous_0)
FN:41,(anonymous_1)
FN:47,(anonymous_2)
FN:74,(anonymous_3)
FN:85,(anonymous_4)
FN:127,(anonymous_5)
FN:162,(anonymous_6)
FN:191,(anonymous_7)
FN:235,(anonymous_8)
FN:245,(anonymous_9)
FN:279,(anonymous_10)
FN:331,(anonymous_11)
FN:379,(anonymous_12)
FN:441,(anonymous_13)
FNF:14
FNH:14
FNDA:26,(anonymous_0)
FNDA:1,(anonymous_1)
FNDA:5,(anonymous_2)
FNDA:20,(anonymous_3)
FNDA:5,(anonymous_4)
FNDA:6,(anonymous_5)
FNDA:3,(anonymous_6)
FNDA:10,(anonymous_7)
FNDA:13,(anonymous_8)
FNDA:3,(anonymous_9)
FNDA:4,(anonymous_10)
FNDA:4,(anonymous_11)
FNDA:11,(anonymous_12)
FNDA:107,(anonymous_13)
DA:15,26
DA:16,1
DA:20,26
DA:23,26
DA:26,26
DA:29,26
DA:32,26
DA:43,1
DA:45,1
DA:47,1
DA:48,5
DA:76,20
DA:78,20
DA:81,6
DA:82,6
DA:85,14
DA:86,5
DA:89,14
DA:90,3
DA:91,3
DA:93,11
DA:94,1
DA:95,1
DA:97,10
DA:98,1
DA:99,1
DA:102,9
DA:104,9
DA:113,9
DA:115,9
DA:129,6
DA:131,6
DA:132,1
DA:133,1
DA:136,5
DA:137,0
DA:138,0
DA:141,5
DA:143,5
DA:145,4
DA:147,3
DA:148,3
DA:152,5
DA:164,3
DA:166,3
DA:168,3
DA:170,3
DA:171,2
DA:174,3
DA:176,1
DA:179,3
DA:193,10
DA:195,10
DA:196,2
DA:197,2
DA:200,8
DA:201,1
DA:202,1
DA:205,7
DA:207,7
DA:208,7
DA:209,7
DA:210,7
DA:213,0
DA:237,13
DA:239,13
DA:241,3
DA:242,3
DA:245,10
DA:246,3
DA:248,10
DA:249,2
DA:250,2
DA:252,8
DA:253,1
DA:254,1
DA:257,7
DA:258,6
DA:261,7
DA:268,7
DA:281,4
DA:283,4
DA:284,1
DA:285,1
DA:288,3
DA:289,1
DA:290,1
DA:293,2
DA:295,2
DA:297,2
DA:299,1
DA:301,1
DA:303,1
DA:305,1
DA:307,1
DA:309,1
DA:311,1
DA:312,1
DA:315,1
DA:320,2
DA:333,4
DA:335,4
DA:336,1
DA:337,1
DA:340,3
DA:341,1
DA:342,1
DA:345,2
DA:347,2
DA:349,2
DA:350,1
DA:352,1
DA:354,1
DA:356,2
DA:358,2
DA:360,2
DA:361,1
DA:367,2
DA:381,11
DA:383,11
DA:384,1
DA:385,1
DA:388,10
DA:389,2
DA:390,2
DA:393,8
DA:395,8
DA:397,8
DA:399,6
DA:401,5
DA:403,5
DA:406,5
DA:408,5
DA:410,5
DA:412,5
DA:414,1
DA:415,1
DA:417,1
DA:418,1
DA:425,8
DA:442,107
DA:443,0
LF:142
LH:138
BRDA:13,0,0,24
BRDA:15,1,0,1
BRDA:15,1,1,25
BRDA:74,2,0,17
BRDA:74,3,0,19
BRDA:78,4,0,6
BRDA:78,4,1,14
BRDA:78,5,0,20
BRDA:78,5,1,17
BRDA:78,5,2,16
BRDA:78,5,3,15
BRDA:78,5,4,15
BRDA:78,5,5,14
BRDA:89,6,0,3
BRDA:89,6,1,11
BRDA:89,7,0,14
BRDA:89,7,1,13
BRDA:89,7,2,12
BRDA:93,8,0,1
BRDA:93,8,1,10
BRDA:93,9,0,11
BRDA:93,9,1,11
BRDA:93,9,2,11
BRDA:97,10,0,1
BRDA:97,10,1,9
BRDA:97,11,0,10
BRDA:97,11,1,10
BRDA:97,11,2,10
BRDA:97,11,3,10
BRDA:131,12,0,1
BRDA:131,12,1,5
BRDA:131,13,0,6
BRDA:131,13,1,6
BRDA:136,14,0,0
BRDA:136,14,1,5
BRDA:145,15,0,3
BRDA:145,15,1,1
BRDA:174,16,0,1
BRDA:174,16,1,2
BRDA:174,17,0,3
BRDA:174,17,1,3
BRDA:195,18,0,2
BRDA:195,18,1,8
BRDA:195,19,0,10
BRDA:195,19,1,10
BRDA:200,20,0,1
BRDA:200,20,1,7
BRDA:205,21,0,7
BRDA:205,21,1,0
BRDA:235,22,0,11
BRDA:239,23,0,3
BRDA:239,23,1,10
BRDA:239,24,0,13
BRDA:239,24,1,12
BRDA:239,24,2,11
BRDA:239,24,3,10
BRDA:248,25,0,2
BRDA:248,25,1,8
BRDA:248,26,0,10
BRDA:248,26,1,9
BRDA:252,27,0,1
BRDA:252,27,1,7
BRDA:252,28,0,8
BRDA:252,28,1,8
BRDA:252,28,2,8
BRDA:257,29,0,6
BRDA:257,29,1,1
BRDA:283,30,0,1
BRDA:283,30,1,3
BRDA:283,31,0,4
BRDA:283,31,1,4
BRDA:288,32,0,1
BRDA:288,32,1,2
BRDA:303,33,0,1
BRDA:303,33,1,0
BRDA:311,34,0,1
BRDA:311,34,1,0
BRDA:335,35,0,1
BRDA:335,35,1,3
BRDA:335,36,0,4
BRDA:335,36,1,4
BRDA:340,37,0,1
BRDA:340,37,1,2
BRDA:350,38,0,1
BRDA:350,38,1,0
BRDA:360,39,0,1
BRDA:360,39,1,1
BRDA:379,40,0,9
BRDA:383,41,0,1
BRDA:383,41,1,10
BRDA:383,42,0,11
BRDA:383,42,1,11
BRDA:388,43,0,2
BRDA:388,43,1,8
BRDA:388,44,0,10
BRDA:388,44,1,9
BRDA:388,44,2,9
BRDA:399,45,0,5
BRDA:399,45,1,1
BRDA:412,46,0,1
BRDA:412,46,1,4
BRDA:417,47,0,1
BRDA:417,47,1,0
BRDA:442,48,0,0
BRDA:442,48,1,107
BRF:105
BRH:98
end_of_record
TN:
SF:front/js/utils/Logger.js
FN:21,(anonymous_0)
FN:59,(anonymous_1)
FN:61,(anonymous_2)
FN:85,(anonymous_3)
FN:115,(anonymous_4)
FN:158,(anonymous_5)
FN:178,(anonymous_6)
FN:225,(anonymous_7)
FN:273,(anonymous_8)
FN:283,(anonymous_9)
FNF:10
FNH:9
FNDA:15,(anonymous_0)
FNDA:14,(anonymous_1)
FNDA:59,(anonymous_2)
FNDA:10,(anonymous_3)
FNDA:3,(anonymous_4)
FNDA:10,(anonymous_5)
FNDA:7,(anonymous_6)
FNDA:9,(anonymous_7)
FNDA:6,(anonymous_8)
FNDA:0,(anonymous_9)
DA:23,15
DA:24,1
DA:27,14
DA:29,14
DA:30,11
DA:32,14
DA:33,11
DA:35,14
DA:36,13
DA:40,14
DA:43,14
DA:46,14
DA:49,14
DA:50,14
DA:61,14
DA:62,59
DA:65,14
DA:86,10
DA:87,10
DA:88,10
DA:89,10
DA:91,8
DA:92,3
DA:94,5
DA:95,5
DA:96,5
DA:100,7
DA:116,3
DA:117,3
DA:118,3
DA:119,3
DA:121,3
DA:122,2
DA:123,2
DA:124,2
DA:125,2
DA:126,1
DA:127,0
DA:128,0
DA:129,0
DA:130,0
DA:131,1
DA:132,0
DA:133,0
DA:134,0
DA:136,1
DA:137,1
DA:138,1
DA:141,3
DA:159,10
DA:160,2
DA:179,7
DA:181,6
DA:182,1
DA:185,5
DA:191,5
DA:196,5
DA:197,5
DA:198,1
DA:199,4
DA:200,1
DA:203,5
DA:205,5
DA:206,5
DA:208,5
DA:209,2
DA:212,5
DA:227,9
DA:229,9
DA:230,7
DA:231,5
DA:232,5
DA:233,2
DA:234,1
DA:236,1
DA:237,1
DA:238,1
DA:240,1
DA:243,2
DA:246,6
DA:247,6
DA:248,0
DA:251,6
DA:275,6
DA:277,6
DA:279,6
DA:284,0
LF:87
LH:78
BRDA:21,0,0,7
BRDA:23,1,0,1
BRDA:23,1,1,14
BRDA:29,2,0,11
BRDA:29,2,1,3
BRDA:32,3,0,11
BRDA:32,3,1,3
BRDA:35,4,0,13
BRDA:35,4,1,1
BRDA:89,5,0,8
BRDA:89,5,1,2
BRDA:89,6,0,10
BRDA:89,6,1,8
BRDA:91,7,0,3
BRDA:91,7,1,5
BRDA:94,8,0,5
BRDA:94,8,1,0
BRDA:95,9,0,5
BRDA:95,9,1,0
BRDA:96,10,0,5
BRDA:96,10,1,0
BRDA:121,11,0,2
BRDA:121,11,1,1
BRDA:121,12,0,3
BRDA:121,12,1,2
BRDA:121,12,2,2
BRDA:121,12,3,2
BRDA:126,13,0,0
BRDA:126,13,1,1
BRDA:126,14,0,1
BRDA:126,14,1,0
BRDA:131,15,0,0
BRDA:131,15,1,1
BRDA:131,16,0,1
BRDA:131,16,1,0
BRDA:131,16,2,0
BRDA:132,17,0,0
BRDA:132,17,1,0
BRDA:133,18,0,0
BRDA:133,18,1,0
BRDA:134,19,0,0
BRDA:134,19,1,0
BRDA:159,20,0,2
BRDA:159,20,1,8
BRDA:159,21,0,10
BRDA:159,21,1,10
BRDA:159,21,2,3
BRDA:161,22,0,2
BRDA:161,22,1,1
BRDA:162,23,0,2
BRDA:162,23,1,1
BRDA:163,24,0,2
BRDA:163,24,1,1
BRDA:179,25,0,6
BRDA:179,25,1,1
BRDA:179,26,0,7
BRDA:179,26,1,7
BRDA:181,27,0,1
BRDA:181,27,1,5
BRDA:181,28,0,6
BRDA:181,28,1,1
BRDA:181,28,2,1
BRDA:193,29,0,5
BRDA:193,29,1,0
BRDA:197,30,0,1
BRDA:197,30,1,4
BRDA:199,31,0,1
BRDA:199,31,1,3
BRDA:208,32,0,2
BRDA:208,32,1,3
BRDA:208,33,0,5
BRDA:208,33,1,3
BRDA:229,34,0,7
BRDA:229,34,1,2
BRDA:230,35,0,5
BRDA:230,35,1,2
BRDA:233,36,0,1
BRDA:233,36,1,1
BRDA:247,37,0,0
BRDA:247,37,1,6
BRF:80
BRH:64
end_of_record
TN:
SF:front/js/utils/Notification.js
FN:14,(anonymous_0)
FN:67,(anonymous_1)
FN:70,(anonymous_2)
FN:99,(anonymous_3)
FN:164,(anonymous_4)
FN:195,(anonymous_5)
FN:232,(anonymous_6)
FN:262,(anonymous_7)
FN:266,(anonymous_8)
FN:272,(anonymous_9)
FN:291,(anonymous_10)
FN:335,(anonymous_11)
FN:352,(anonymous_12)
FN:381,(anonymous_13)
FN:426,(anonymous_14)
FN:455,(anonymous_15)
FN:464,(anonymous_16)
FN:481,(anonymous_17)
FN:490,(anonymous_18)
FN:508,(anonymous_19)
FN:517,(anonymous_20)
FN:544,(anonymous_21)
FN:589,(anonymous_22)
FN:629,(anonymous_23)
FN:656,(anonymous_24)
FN:673,(anonymous_25)
FN:675,(anonymous_26)
FN:693,(anonymous_27)
FN:696,halfFadeOut
FN:724,(anonymous_29)
FN:727,halfFadeIn
FN:760,(anonymous_31)
FN:795,(anonymous_32)
FN:848,(anonymous_33)
FN:898,(anonymous_34)
FN:943,(anonymous_35)
FN:963,(anonymous_36)
FN:983,(anonymous_37)
FN:1003,(anonymous_38)
FN:1022,(anonymous_39)
FN:1040,(anonymous_40)
FN:1060,(anonymous_41)
FNF:42
FNH:38
FNDA:41,(anonymous_0)
FNDA:41,(anonymous_1)
FNDA:476,(anonymous_2)
FNDA:44,(anonymous_3)
FNDA:47,(anonymous_4)
FNDA:48,(anonymous_5)
FNDA:45,(anonymous_6)
FNDA:20,(anonymous_7)
FNDA:0,(anonymous_8)
FNDA:0,(anonymous_9)
FNDA:0,(anonymous_10)
FNDA:25,(anonymous_11)
FNDA:0,(anonymous_12)
FNDA:26,(anonymous_13)
FNDA:31,(anonymous_14)
FNDA:19,(anonymous_15)
FNDA:7,(anonymous_16)
FNDA:19,(anonymous_17)
FNDA:11,(anonymous_18)
FNDA:6,(anonymous_19)
FNDA:2,(anonymous_20)
FNDA:9,(anonymous_21)
FNDA:5,(anonymous_22)
FNDA:9,(anonymous_23)
FNDA:2,(anonymous_24)
FNDA:6,(anonymous_25)
FNDA:1,(anonymous_26)
FNDA:5,(anonymous_27)
FNDA:218,halfFadeOut
FNDA:1,(anonymous_29)
FNDA:51,halfFadeIn
FNDA:32,(anonymous_31)
FNDA:22,(anonymous_32)
FNDA:23,(anonymous_33)
FNDA:25,(anonymous_34)
FNDA:12,(anonymous_35)
FNDA:6,(anonymous_36)
FNDA:3,(anonymous_37)
FNDA:3,(anonymous_38)
FNDA:3,(anonymous_39)
FNDA:2,(anonymous_40)
FNDA:1,(anonymous_41)
DA:15,41
DA:16,0
DA:18,41
DA:22,41
DA:25,41
DA:28,41
DA:31,41
DA:34,41
DA:37,41
DA:40,41
DA:43,41
DA:46,41
DA:49,41
DA:52,41
DA:54,41
DA:56,41
DA:68,41
DA:70,41
DA:71,476
DA:74,41
DA:101,44
DA:102,39
DA:105,44
DA:106,44
DA:108,44
DA:142,44
DA:143,44
DA:144,44
DA:145,44
DA:146,44
DA:147,44
DA:148,44
DA:150,44
DA:151,44
DA:165,47
DA:166,40
DA:169,47
DA:170,40
DA:173,47
DA:174,40
DA:177,47
DA:178,40
DA:181,47
DA:182,40
DA:196,48
DA:200,6
DA:203,48
DA:208,6
DA:211,48
DA:212,6
DA:215,48
DA:216,6
DA:219,48
DA:220,6
DA:233,45
DA:234,45
DA:235,45
DA:263,20
DA:266,20
DA:267,0
DA:268,0
DA:272,20
DA:273,0
DA:274,0
DA:278,0
DA:279,0
DA:283,0
DA:284,0
DA:285,0
DA:286,0
DA:287,0
DA:291,20
DA:292,0
DA:293,0
DA:296,0
DA:297,0
DA:302,20
DA:303,1
DA:304,1
DA:307,20
DA:308,18
DA:309,18
DA:312,20
DA:336,25
DA:337,25
DA:338,25
DA:339,25
DA:341,25
DA:342,1
DA:345,25
DA:346,25
DA:348,25
DA:349,1
DA:350,1
DA:351,1
DA:352,1
DA:353,0
DA:354,0
DA:358,25
DA:359,24
DA:362,25
DA:364,25
DA:365,22
DA:368,25
DA:383,26
DA:384,26
DA:385,26
DA:386,26
DA:387,26
DA:388,26
DA:389,26
DA:391,26
DA:392,26
DA:393,26
DA:394,26
DA:396,26
DA:397,21
DA:398,5
DA:399,0
DA:400,5
DA:401,0
DA:402,5
DA:403,0
DA:406,26
DA:407,26
DA:408,26
DA:410,26
DA:411,26
DA:412,26
DA:413,26
DA:428,31
DA:429,25
DA:431,25
DA:432,25
DA:433,25
DA:436,6
DA:438,6
DA:439,4
DA:440,4
DA:456,19
DA:457,1
DA:459,18
DA:461,18
DA:462,18
DA:464,18
DA:465,7
DA:483,19
DA:484,1
DA:486,18
DA:489,19
DA:490,19
DA:491,11
DA:509,6
DA:510,1
DA:513,5
DA:514,5
DA:515,5
DA:516,5
DA:517,5
DA:518,2
DA:519,2
DA:521,2
DA:522,1
DA:523,1
DA:524,1
DA:525,1
DA:545,9
DA:547,9
DA:548,9
DA:552,9
DA:553,9
DA:554,9
DA:555,7
DA:558,9
DA:559,3
DA:561,6
DA:562,6
DA:563,6
DA:564,6
DA:569,9
DA:570,1
DA:590,5
DA:591,3
DA:592,2
DA:595,3
DA:598,2
DA:599,2
DA:602,2
DA:603,2
DA:604,2
DA:605,1
DA:608,2
DA:610,0
DA:611,0
DA:631,9
DA:632,3
DA:634,6
DA:635,6
DA:636,6
DA:637,3
DA:639,3
DA:657,2
DA:658,2
DA:659,2
DA:674,6
DA:675,6
DA:676,1
DA:694,5
DA:695,5
DA:696,5
DA:697,218
DA:698,218
DA:699,218
DA:701,218
DA:702,4
DA:703,4
DA:704,4
DA:708,214
DA:725,1
DA:726,1
DA:727,1
DA:728,51
DA:729,50
DA:730,50
DA:731,1
DA:732,1
DA:733,1
DA:734,1
DA:735,1
DA:738,50
DA:762,32
DA:763,6
DA:766,26
DA:767,2
DA:770,24
DA:771,1
DA:774,23
DA:775,1
DA:778,23
DA:779,1
DA:782,23
DA:796,22
DA:797,22
DA:800,22
DA:801,22
DA:804,22
DA:805,22
DA:808,22
DA:809,22
DA:812,22
DA:813,22
DA:816,22
DA:817,22
DA:820,22
DA:821,22
DA:824,22
DA:825,22
DA:828,22
DA:829,22
DA:832,22
DA:833,22
DA:853,23
DA:854,23
DA:856,23
DA:857,0
DA:860,23
DA:861,252
DA:862,252
DA:863,252
DA:866,23
DA:899,25
DA:900,4
DA:901,4
DA:904,21
DA:906,21
DA:922,21
DA:923,17
DA:925,4
DA:926,4
DA:927,4
DA:930,21
DA:944,12
DA:945,11
DA:946,11
DA:948,1
DA:949,1
DA:964,6
DA:965,5
DA:966,5
DA:968,1
DA:969,1
DA:984,3
DA:985,2
DA:986,2
DA:988,1
DA:989,1
DA:1004,3
DA:1005,2
DA:1006,2
DA:1008,1
DA:1009,1
DA:1023,3
DA:1025,3
DA:1026,2
DA:1029,3
DA:1041,2
DA:1042,2
DA:1043,2
DA:1045,2
DA:1046,5
DA:1061,1
DA:1062,1
DA:1063,4
DA:1064,3
LF:314
LH:290
BRDA:15,0,0,0
BRDA:15,0,1,41
BRDA:101,1,0,39
BRDA:101,1,1,5
BRDA:165,2,0,40
BRDA:165,2,1,7
BRDA:169,3,0,40
BRDA:169,3,1,7
BRDA:173,4,0,40
BRDA:173,4,1,7
BRDA:177,5,0,40
BRDA:177,5,1,7
BRDA:181,6,0,40
BRDA:181,6,1,7
BRDA:196,7,0,6
BRDA:196,7,1,42
BRDA:196,8,0,48
BRDA:196,8,1,47
BRDA:196,8,2,8
BRDA:196,8,3,6
BRDA:203,9,0,6
BRDA:203,9,1,42
BRDA:203,10,0,48
BRDA:203,10,1,9
BRDA:203,10,2,9
BRDA:203,10,3,6
BRDA:203,10,4,6
BRDA:211,11,0,6
BRDA:211,11,1,42
BRDA:211,12,0,48
BRDA:211,12,1,44
BRDA:215,13,0,6
BRDA:215,13,1,42
BRDA:215,14,0,48
BRDA:215,14,1,44
BRDA:215,14,2,44
BRDA:219,15,0,6
BRDA:219,15,1,42
BRDA:219,16,0,48
BRDA:219,16,1,44
BRDA:267,17,0,0
BRDA:267,17,1,0
BRDA:273,18,0,0
BRDA:273,18,1,0
BRDA:278,19,0,0
BRDA:278,19,1,0
BRDA:283,20,0,0
BRDA:283,20,1,0
BRDA:292,21,0,0
BRDA:292,21,1,0
BRDA:296,22,0,0
BRDA:296,22,1,0
BRDA:296,23,0,0
BRDA:296,23,1,0
BRDA:302,24,0,1
BRDA:302,24,1,19
BRDA:307,25,0,18
BRDA:307,25,1,2
BRDA:341,26,0,1
BRDA:341,26,1,24
BRDA:348,27,0,1
BRDA:348,27,1,24
BRDA:358,28,0,24
BRDA:358,28,1,1
BRDA:364,29,0,22
BRDA:364,29,1,3
BRDA:396,30,0,21
BRDA:396,30,1,5
BRDA:398,31,0,0
BRDA:398,31,1,5
BRDA:400,32,0,0
BRDA:400,32,1,5
BRDA:402,33,0,0
BRDA:402,33,1,5
BRDA:406,34,0,26
BRDA:406,34,1,26
BRDA:407,35,0,26
BRDA:407,35,1,5
BRDA:428,36,0,25
BRDA:428,36,1,6
BRDA:431,37,0,25
BRDA:431,37,1,0
BRDA:438,38,0,4
BRDA:438,38,1,2
BRDA:456,39,0,1
BRDA:456,39,1,18
BRDA:483,40,0,1
BRDA:483,40,1,18
BRDA:483,41,0,19
BRDA:483,41,1,18
BRDA:509,42,0,1
BRDA:509,42,1,5
BRDA:521,43,0,1
BRDA:521,43,1,1
BRDA:524,44,0,1
BRDA:524,44,1,0
BRDA:547,45,0,9
BRDA:547,45,1,0
BRDA:552,46,0,9
BRDA:552,46,1,0
BRDA:554,47,0,7
BRDA:554,47,1,2
BRDA:558,48,0,3
BRDA:558,48,1,6
BRDA:569,49,0,1
BRDA:569,49,1,8
BRDA:569,50,0,9
BRDA:569,50,1,1
BRDA:590,51,0,3
BRDA:590,51,1,2
BRDA:590,52,0,5
BRDA:590,52,1,3
BRDA:591,53,0,2
BRDA:591,53,1,1
BRDA:602,54,0,2
BRDA:602,54,1,0
BRDA:604,55,0,1
BRDA:604,55,1,1
BRDA:631,56,0,3
BRDA:631,56,1,6
BRDA:634,57,0,6
BRDA:634,57,1,0
BRDA:636,58,0,3
BRDA:636,58,1,3
BRDA:697,59,0,218
BRDA:697,59,1,0
BRDA:701,60,0,4
BRDA:701,60,1,214
BRDA:701,61,0,218
BRDA:701,61,1,4
BRDA:728,62,0,50
BRDA:728,62,1,1
BRDA:731,63,0,1
BRDA:731,63,1,0
BRDA:762,64,0,6
BRDA:762,64,1,26
BRDA:762,65,0,32
BRDA:762,65,1,30
BRDA:762,65,2,28
BRDA:766,66,0,2
BRDA:766,66,1,24
BRDA:766,67,0,26
BRDA:766,67,1,25
BRDA:770,68,0,1
BRDA:770,68,1,23
BRDA:770,69,0,24
BRDA:770,69,1,1
BRDA:774,70,0,1
BRDA:774,70,1,22
BRDA:774,71,0,23
BRDA:774,71,1,13
BRDA:774,71,2,6
BRDA:774,71,3,5
BRDA:778,72,0,1
BRDA:778,72,1,22
BRDA:796,73,0,22
BRDA:796,73,1,0
BRDA:800,74,0,22
BRDA:800,74,1,0
BRDA:804,75,0,22
BRDA:804,75,1,0
BRDA:808,76,0,22
BRDA:808,76,1,0
BRDA:812,77,0,22
BRDA:812,77,1,0
BRDA:816,78,0,22
BRDA:816,78,1,0
BRDA:820,79,0,22
BRDA:820,79,1,0
BRDA:824,80,0,22
BRDA:824,80,1,0
BRDA:828,81,0,22
BRDA:828,81,1,0
BRDA:832,82,0,22
BRDA:832,82,1,0
BRDA:856,83,0,0
BRDA:856,83,1,23
BRDA:856,84,0,23
BRDA:856,84,1,23
BRDA:899,85,0,4
BRDA:899,85,1,21
BRDA:922,86,0,17
BRDA:922,86,1,4
BRDA:944,87,0,11
BRDA:944,87,1,1
BRDA:964,88,0,5
BRDA:964,88,1,1
BRDA:984,89,0,2
BRDA:984,89,1,1
BRDA:1004,90,0,2
BRDA:1004,90,1,1
BRDA:1025,91,0,2
BRDA:1025,91,1,1
BRDA:1041,92,0,2
BRDA:1041,92,1,0
BRDA:1041,93,0,2
BRDA:1041,93,1,2
BRDA:1061,94,0,1
BRDA:1061,94,1,0
BRDA:1063,95,0,3
BRDA:1063,95,1,1
BRF:201
BRH:162
end_of_record
TN:
SF:front/js/utils/enum/HttpStatusCode.js
FNF:0
FNH:0
LF:0
LH:0
BRF:0
BRH:0
end_of_record
TN:
SF:front/test/test-context.js
FNF:0
FNH:0
DA:1,1
DA:2,1
LF:2
LH:2
BRF:0
BRH:0
end_of_record
TN:
SF:front/test/specs/CustomEvents.spec.js
FN:8,(anonymous_0)
FN:11,(anonymous_1)
FN:16,(anonymous_2)
FN:30,(anonymous_3)
FN:39,(anonymous_4)
FN:48,(anonymous_5)
FN:59,(anonymous_6)
FN:62,(anonymous_7)
FN:90,(anonymous_8)
FN:91,(anonymous_9)
FN:96,(anonymous_10)
FN:100,(anonymous_11)
FN:102,(anonymous_12)
FN:107,(anonymous_13)
FN:109,(anonymous_14)
FN:114,(anonymous_15)
FN:117,(anonymous_16)
FN:138,(anonymous_17)
FN:146,(anonymous_18)
FN:149,(anonymous_19)
FN:150,(anonymous_20)
FN:161,(anonymous_21)
FN:163,(anonymous_22)
FN:175,(anonymous_23)
FN:177,(anonymous_24)
FN:180,(anonymous_25)
FN:185,(anonymous_26)
FN:187,(anonymous_27)
FN:202,(anonymous_28)
FN:204,(anonymous_29)
FN:227,(anonymous_30)
FN:232,(anonymous_31)
FN:234,(anonymous_32)
FN:253,(anonymous_33)
FN:256,(anonymous_34)
FN:261,(anonymous_35)
FN:266,(anonymous_36)
FN:267,(anonymous_37)
FN:279,(anonymous_38)
FN:287,(anonymous_39)
FN:288,(anonymous_40)
FN:289,(anonymous_41)
FN:301,(anonymous_42)
FN:309,(anonymous_43)
FN:310,(anonymous_44)
FN:319,(anonymous_45)
FN:320,(anonymous_46)
FN:333,(anonymous_47)
FN:339,(anonymous_48)
FN:352,(anonymous_49)
FN:355,(anonymous_50)
FN:360,(anonymous_51)
FN:364,(anonymous_52)
FN:383,(anonymous_53)
FN:392,(anonymous_54)
FNF:55
FNH:37
FNDA:1,(anonymous_0)
FNDA:23,(anonymous_1)
FNDA:1,(anonymous_2)
FNDA:1,(anonymous_3)
FNDA:1,(anonymous_4)
FNDA:1,(anonymous_5)
FNDA:1,(anonymous_6)
FNDA:2,(anonymous_7)
FNDA:0,(anonymous_8)
FNDA:0,(anonymous_9)
FNDA:1,(anonymous_10)
FNDA:0,(anonymous_11)
FNDA:0,(anonymous_12)
FNDA:0,(anonymous_13)
FNDA:0,(anonymous_14)
FNDA:1,(anonymous_15)
FNDA:1,(anonymous_16)
FNDA:1,(anonymous_17)
FNDA:1,(anonymous_18)
FNDA:0,(anonymous_19)
FNDA:0,(anonymous_20)
FNDA:1,(anonymous_21)
FNDA:0,(anonymous_22)
FNDA:1,(anonymous_23)
FNDA:0,(anonymous_24)
FNDA:0,(anonymous_25)
FNDA:1,(anonymous_26)
FNDA:0,(anonymous_27)
FNDA:1,(anonymous_28)
FNDA:2,(anonymous_29)
FNDA:0,(anonymous_30)
FNDA:1,(anonymous_31)
FNDA:1,(anonymous_32)
FNDA:1,(anonymous_33)
FNDA:0,(anonymous_34)
FNDA:0,(anonymous_35)
FNDA:1,(anonymous_36)
FNDA:0,(anonymous_37)
FNDA:1,(anonymous_38)
FNDA:1,(anonymous_39)
FNDA:0,(anonymous_40)
FNDA:0,(anonymous_41)
FNDA:1,(anonymous_42)
FNDA:1,(anonymous_43)
FNDA:1,(anonymous_44)
FNDA:1,(anonymous_45)
FNDA:1,(anonymous_46)
FNDA:1,(anonymous_47)
FNDA:1,(anonymous_48)
FNDA:1,(anonymous_49)
FNDA:1,(anonymous_50)
FNDA:1,(anonymous_51)
FNDA:1,(anonymous_52)
FNDA:1,(anonymous_53)
FNDA:2,(anonymous_54)
DA:5,1
DA:8,1
DA:11,1
DA:12,23
DA:16,1
DA:18,1
DA:19,1
DA:21,1
DA:22,1
DA:23,1
DA:24,1
DA:25,1
DA:26,1
DA:30,1
DA:32,1
DA:34,1
DA:35,1
DA:39,1
DA:41,1
DA:43,1
DA:44,1
DA:48,1
DA:49,1
DA:51,1
DA:52,1
DA:59,1
DA:60,1
DA:61,1
DA:62,1
DA:64,2
DA:65,2
DA:66,2
DA:67,2
DA:68,2
DA:69,2
DA:70,2
DA:72,2
DA:73,2
DA:74,2
DA:77,1
DA:78,1
DA:79,1
DA:81,1
DA:82,1
DA:83,1
DA:84,1
DA:86,1
DA:87,1
DA:88,1
DA:89,1
DA:90,1
DA:91,1
DA:92,1
DA:96,1
DA:97,1
DA:100,1
DA:102,1
DA:104,1
DA:107,1
DA:109,1
DA:110,1
DA:114,1
DA:116,1
DA:117,1
DA:118,1
DA:119,1
DA:121,1
DA:122,1
DA:123,1
DA:125,1
DA:127,1
DA:128,1
DA:129,1
DA:131,1
DA:133,1
DA:134,1
DA:138,1
DA:141,1
DA:142,1
DA:146,1
DA:148,1
DA:149,1
DA:150,1
DA:151,1
DA:153,1
DA:154,1
DA:156,1
DA:157,1
DA:161,1
DA:162,1
DA:163,1
DA:164,1
DA:166,1
DA:167,1
DA:169,1
DA:170,1
DA:171,1
DA:175,1
DA:176,1
DA:177,1
DA:180,1
DA:181,1
DA:185,1
DA:186,1
DA:187,1
DA:188,1
DA:190,1
DA:191,1
DA:193,1
DA:194,1
DA:195,1
DA:202,1
DA:203,1
DA:204,1
DA:205,2
DA:206,2
DA:207,2
DA:208,2
DA:209,2
DA:210,2
DA:212,1
DA:213,1
DA:215,1
DA:217,1
DA:218,1
DA:219,1
DA:220,1
DA:222,1
DA:223,1
DA:225,1
DA:226,1
DA:227,1
DA:228,1
DA:232,1
DA:233,1
DA:234,1
DA:235,1
DA:236,1
DA:237,1
DA:238,1
DA:239,1
DA:242,1
DA:244,1
DA:245,1
DA:247,1
DA:248,1
DA:249,1
DA:253,1
DA:256,1
DA:258,1
DA:261,1
DA:262,1
DA:266,1
DA:267,1
DA:268,1
DA:270,1
DA:271,1
DA:272,1
DA:274,1
DA:275,1
DA:279,1
DA:282,1
DA:283,1
DA:287,1
DA:288,1
DA:289,1
DA:290,1
DA:292,1
DA:293,1
DA:294,1
DA:296,1
DA:297,1
DA:301,1
DA:304,1
DA:305,1
DA:309,1
DA:310,1
DA:311,1
DA:314,1
DA:315,1
DA:319,1
DA:320,1
DA:321,1
DA:324,1
DA:326,1
DA:328,1
DA:329,1
DA:333,1
DA:334,1
DA:335,1
DA:339,1
DA:342,1
DA:344,1
DA:345,1
DA:352,1
DA:355,1
DA:356,1
DA:360,1
DA:361,1
DA:362,1
DA:365,1
DA:366,1
DA:367,1
DA:369,1
DA:370,1
DA:371,1
DA:372,1
DA:373,1
DA:374,1
DA:375,1
DA:376,1
DA:377,1
DA:378,1
DA:379,1
DA:380,1
DA:385,1
DA:386,1
DA:387,1
DA:388,1
DA:394,2
DA:395,2
DA:399,1
LF:222
LH:222
BRF:0
BRH:0
end_of_record
TN:
SF:front/test/specs/Kom.spec.js
FN:4,(anonymous_0)
FN:15,(anonymous_1)
FN:18,(anonymous_2)
FN:23,(anonymous_3)
FN:43,(anonymous_4)
FN:51,(anonymous_5)
FN:61,(anonymous_6)
FN:68,(anonymous_7)
FN:80,(anonymous_8)
FN:96,(anonymous_9)
FN:111,(anonymous_10)
FN:116,(anonymous_11)
FN:117,(anonymous_12)
FN:121,(anonymous_13)
FN:128,(anonymous_14)
FN:129,(anonymous_15)
FN:137,(anonymous_16)
FN:142,(anonymous_17)
FN:143,(anonymous_18)
FN:147,(anonymous_19)
FN:154,(anonymous_20)
FN:155,(anonymous_21)
FN:163,(anonymous_22)
FN:169,(anonymous_23)
FN:173,(anonymous_24)
FN:179,(anonymous_25)
FN:187,(anonymous_26)
FN:190,(anonymous_27)
FNF:28
FNH:26
FNDA:4,(anonymous_0)
FNDA:1,(anonymous_1)
FNDA:9,(anonymous_2)
FNDA:1,(anonymous_3)
FNDA:1,(anonymous_4)
FNDA:1,(anonymous_5)
FNDA:1,(anonymous_6)
FNDA:1,(anonymous_7)
FNDA:1,(anonymous_8)
FNDA:1,(anonymous_9)
FNDA:1,(anonymous_10)
FNDA:1,(anonymous_11)
FNDA:1,(anonymous_12)
FNDA:1,(anonymous_13)
FNDA:1,(anonymous_14)
FNDA:0,(anonymous_15)
FNDA:1,(anonymous_16)
FNDA:1,(anonymous_17)
FNDA:1,(anonymous_18)
FNDA:1,(anonymous_19)
FNDA:1,(anonymous_20)
FNDA:0,(anonymous_21)
FNDA:1,(anonymous_22)
FNDA:1,(anonymous_23)
FNDA:1,(anonymous_24)
FNDA:1,(anonymous_25)
FNDA:1,(anonymous_26)
FNDA:2,(anonymous_27)
DA:4,1
DA:6,4
DA:7,4
DA:8,4
DA:9,4
DA:10,4
DA:15,1
DA:18,1
DA:19,9
DA:23,1
DA:24,1
DA:26,1
DA:28,1
DA:29,1
DA:31,1
DA:32,1
DA:33,1
DA:34,1
DA:35,1
DA:36,1
DA:38,1
DA:39,1
DA:43,1
DA:44,1
DA:45,1
DA:47,1
DA:51,1
DA:52,1
DA:54,1
DA:55,1
DA:58,1
DA:60,1
DA:61,1
DA:62,1
DA:63,1
DA:68,1
DA:70,1
DA:71,1
DA:73,1
DA:74,1
DA:75,1
DA:76,1
DA:80,1
DA:82,1
DA:83,1
DA:87,1
DA:88,1
DA:89,1
DA:92,1
DA:96,1
DA:97,1
DA:99,1
DA:100,1
DA:101,1
DA:103,1
DA:104,1
DA:105,4
DA:107,1
DA:111,1
DA:112,1
DA:114,1
DA:116,1
DA:118,1
DA:121,1
DA:122,1
DA:125,1
DA:128,1
DA:130,0
DA:133,1
DA:137,1
DA:138,1
DA:140,1
DA:142,1
DA:144,1
DA:147,1
DA:148,1
DA:151,1
DA:154,1
DA:156,0
DA:159,1
DA:163,1
DA:164,1
DA:166,1
DA:170,1
DA:173,1
DA:174,1
DA:177,1
DA:180,1
DA:183,1
DA:187,1
DA:188,1
DA:189,1
DA:190,1
DA:191,2
DA:192,1
DA:194,1
DA:196,2
DA:199,1
DA:200,1
DA:202,1
DA:203,1
DA:205,1
LF:102
LH:100
BRDA:9,0,0,4
BRDA:9,0,1,0
BRDA:191,1,0,1
BRDA:191,1,1,1
BRF:4
BRH:3
end_of_record
TN:
SF:front/test/specs/Lang.spec.js
FN:6,(anonymous_0)
FN:18,(anonymous_1)
FN:21,(anonymous_2)
FN:39,(anonymous_3)
FN:57,(anonymous_4)
FNF:5
FNH:3
FNDA:1,(anonymous_0)
FNDA:1,(anonymous_1)
FNDA:0,(anonymous_2)
FNDA:0,(anonymous_3)
FNDA:1,(anonymous_4)
DA:4,1
DA:7,1
DA:13,1
DA:18,1
DA:21,1
DA:22,0
DA:24,0
DA:25,0
DA:27,0
DA:28,0
DA:29,0
DA:30,0
DA:31,0
DA:32,0
DA:33,0
DA:34,0
DA:35,0
DA:39,1
DA:40,0
DA:42,0
DA:43,0
DA:45,0
DA:46,0
DA:47,0
DA:48,0
DA:49,0
DA:50,0
DA:51,0
DA:52,0
DA:53,0
DA:57,1
DA:58,1
DA:60,1
DA:61,1
DA:63,1
DA:64,1
DA:65,1
DA:66,1
DA:67,1
DA:68,1
DA:69,1
DA:70,1
DA:71,1
LF:43
LH:19
BRF:0
BRH:0
end_of_record
TN:
SF:front/test/specs/Logger.spec.js
FN:33,(anonymous_0)
FN:41,(anonymous_1)
FN:44,(anonymous_2)
FN:60,(anonymous_3)
FN:78,(anonymous_4)
FN:96,(anonymous_5)
FN:114,(anonymous_6)
FN:147,(anonymous_7)
FN:184,(anonymous_8)
FN:206,(anonymous_9)
FN:235,(anonymous_10)
FN:243,(anonymous_11)
FN:264,(anonymous_12)
FN:278,(anonymous_13)
FN:292,(anonymous_14)
FNF:15
FNH:15
FNDA:2,(anonymous_0)
FNDA:1,(anonymous_1)
FNDA:1,(anonymous_2)
FNDA:1,(anonymous_3)
FNDA:1,(anonymous_4)
FNDA:1,(anonymous_5)
FNDA:1,(anonymous_6)
FNDA:1,(anonymous_7)
FNDA:1,(anonymous_8)
FNDA:1,(anonymous_9)
FNDA:1,(anonymous_10)
FNDA:1,(anonymous_11)
FNDA:1,(anonymous_12)
FNDA:1,(anonymous_13)
FNDA:1,(anonymous_14)
DA:5,1
DA:6,1
DA:11,1
DA:16,1
DA:21,1
DA:26,1
DA:32,1
DA:35,1
DA:41,1
DA:44,1
DA:45,1
DA:47,1
DA:48,1
DA:50,1
DA:51,1
DA:52,1
DA:53,1
DA:54,1
DA:55,1
DA:56,1
DA:60,1
DA:61,1
DA:65,1
DA:66,1
DA:68,1
DA:69,1
DA:70,1
DA:71,1
DA:72,1
DA:73,1
DA:74,1
DA:78,1
DA:79,1
DA:83,1
DA:84,1
DA:86,1
DA:87,1
DA:88,1
DA:89,1
DA:90,1
DA:91,1
DA:92,1
DA:96,1
DA:97,1
DA:101,1
DA:102,1
DA:104,1
DA:105,1
DA:106,1
DA:107,1
DA:108,1
DA:109,1
DA:110,1
DA:114,1
DA:115,1
DA:117,1
DA:118,1
DA:120,1
DA:121,1
DA:122,1
DA:123,1
DA:125,1
DA:131,1
DA:132,1
DA:134,1
DA:135,1
DA:136,1
DA:137,1
DA:138,1
DA:139,1
DA:140,1
DA:147,1
DA:148,1
DA:153,1
DA:158,1
DA:163,1
DA:167,1
DA:169,1
DA:171,1
DA:172,1
DA:173,1
DA:174,1
DA:175,1
DA:176,1
DA:178,1
DA:179,1
DA:180,1
DA:184,1
DA:185,1
DA:188,1
DA:190,1
DA:195,1
DA:200,1
DA:201,1
DA:202,1
DA:206,1
DA:207,1
DA:209,1
DA:210,1
DA:211,1
DA:212,1
DA:213,1
DA:215,1
DA:218,1
DA:219,1
DA:221,1
DA:224,1
DA:229,1
DA:230,1
DA:231,1
DA:235,1
DA:236,1
DA:237,1
DA:238,1
DA:239,1
DA:243,1
DA:244,1
DA:245,1
DA:246,1
DA:247,1
DA:248,1
DA:249,1
DA:250,1
DA:251,1
DA:252,1
DA:253,1
DA:254,1
DA:255,1
DA:256,1
DA:257,1
DA:258,1
DA:259,1
DA:260,1
DA:264,1
DA:265,1
DA:267,1
DA:268,1
DA:269,0
DA:270,0
DA:272,1
DA:273,1
DA:274,1
DA:278,1
DA:279,1
DA:281,1
DA:283,1
DA:285,1
DA:286,1
DA:287,1
DA:288,1
DA:292,1
DA:293,1
DA:296,1
DA:297,1
DA:298,1
DA:299,1
DA:300,1
DA:301,1
DA:302,1
DA:304,1
DA:305,1
DA:306,1
DA:307,1
DA:308,1
DA:309,1
DA:310,1
DA:311,1
DA:313,1
DA:314,1
DA:316,1
DA:317,1
DA:319,1
DA:320,1
DA:322,1
DA:323,1
DA:325,1
DA:326,1
DA:327,1
DA:328,1
DA:329,1
LF:180
LH:178
BRDA:37,0,0,1
BRDA:37,0,1,0
BRDA:267,1,0,1
BRDA:267,1,1,0
BRDA:269,2,0,0
BRDA:269,2,1,0
BRF:6
BRH:2
end_of_record
TN:
SF:front/test/specs/Notification.spec.js
FN:5,(anonymous_0)
FN:25,(anonymous_1)
FN:28,(anonymous_2)
FN:33,(anonymous_3)
FN:40,(anonymous_4)
FN:47,(anonymous_5)
FN:51,(anonymous_6)
FN:75,(anonymous_7)
FN:108,(anonymous_8)
FN:125,(anonymous_9)
FN:126,(anonymous_10)
FN:127,(anonymous_11)
FN:128,(anonymous_12)
FN:129,(anonymous_13)
FN:161,(anonymous_14)
FN:172,(anonymous_15)
FN:173,(anonymous_16)
FN:174,(anonymous_17)
FN:175,(anonymous_18)
FN:176,(anonymous_19)
FN:202,(anonymous_20)
FN:216,(anonymous_21)
FN:217,(anonymous_22)
FN:218,(anonymous_23)
FN:219,(anonymous_24)
FN:220,(anonymous_25)
FN:255,(anonymous_26)
FN:262,(anonymous_27)
FN:266,(anonymous_28)
FN:275,(anonymous_29)
FN:281,(anonymous_30)
FN:292,(anonymous_31)
FN:305,(anonymous_32)
FN:329,(anonymous_33)
FN:346,(anonymous_34)
FN:371,(anonymous_35)
FN:435,(anonymous_36)
FN:451,(anonymous_37)
FN:452,(anonymous_38)
FN:453,(anonymous_39)
FN:460,(anonymous_40)
FN:467,(anonymous_41)
FN:474,(anonymous_42)
FN:485,(anonymous_43)
FN:493,(anonymous_44)
FN:516,(anonymous_45)
FN:525,(anonymous_46)
FN:541,(anonymous_47)
FN:542,(anonymous_48)
FN:552,(anonymous_49)
FN:568,(anonymous_50)
FN:575,(anonymous_51)
FN:577,(anonymous_52)
FN:593,(anonymous_53)
FN:600,(anonymous_54)
FN:602,(anonymous_55)
FN:608,(anonymous_56)
FN:609,(anonymous_57)
FN:615,(anonymous_58)
FN:625,(anonymous_59)
FN:636,(anonymous_60)
FN:640,(anonymous_61)
FN:641,(anonymous_62)
FN:644,(anonymous_63)
FN:651,(anonymous_64)
FN:657,(anonymous_65)
FN:665,(anonymous_66)
FN:671,(anonymous_67)
FN:673,(anonymous_68)
FN:682,(anonymous_69)
FN:721,(anonymous_70)
FN:739,(anonymous_71)
FN:747,(anonymous_72)
FN:756,(anonymous_73)
FN:764,(anonymous_74)
FN:781,(anonymous_75)
FN:789,(anonymous_76)
FN:790,(anonymous_77)
FN:797,(anonymous_78)
FN:805,(anonymous_79)
FN:806,(anonymous_80)
FN:813,(anonymous_81)
FN:821,(anonymous_82)
FN:822,(anonymous_83)
FN:829,(anonymous_84)
FN:837,(anonymous_85)
FN:838,(anonymous_86)
FN:845,(anonymous_87)
FN:851,(anonymous_88)
FN:852,(anonymous_89)
FN:853,(anonymous_90)
FN:874,(anonymous_91)
FN:881,(anonymous_92)
FN:891,(anonymous_93)
FN:898,(anonymous_94)
FNF:95
FNH:77
FNDA:3,(anonymous_0)
FNDA:1,(anonymous_1)
FNDA:38,(anonymous_2)
FNDA:38,(anonymous_3)
FNDA:1,(anonymous_4)
FNDA:1,(anonymous_5)
FNDA:0,(anonymous_6)
FNDA:1,(anonymous_7)
FNDA:1,(anonymous_8)
FNDA:0,(anonymous_9)
FNDA:0,(anonymous_10)
FNDA:0,(anonymous_11)
FNDA:0,(anonymous_12)
FNDA:0,(anonymous_13)
FNDA:1,(anonymous_14)
FNDA:0,(anonymous_15)
FNDA:0,(anonymous_16)
FNDA:0,(anonymous_17)
FNDA:0,(anonymous_18)
FNDA:0,(anonymous_19)
FNDA:1,(anonymous_20)
FNDA:0,(anonymous_21)
FNDA:0,(anonymous_22)
FNDA:0,(anonymous_23)
FNDA:0,(anonymous_24)
FNDA:0,(anonymous_25)
FNDA:1,(anonymous_26)
FNDA:1,(anonymous_27)
FNDA:1,(anonymous_28)
FNDA:2,(anonymous_29)
FNDA:1,(anonymous_30)
FNDA:3,(anonymous_31)
FNDA:1,(anonymous_32)
FNDA:0,(anonymous_33)
FNDA:1,(anonymous_34)
FNDA:1,(anonymous_35)
FNDA:1,(anonymous_36)
FNDA:1,(anonymous_37)
FNDA:1,(anonymous_38)
FNDA:1,(anonymous_39)
FNDA:1,(anonymous_40)
FNDA:1,(anonymous_41)
FNDA:1,(anonymous_42)
FNDA:1,(anonymous_43)
FNDA:1,(anonymous_44)
FNDA:1,(anonymous_45)
FNDA:1,(anonymous_46)
FNDA:1,(anonymous_47)
FNDA:1,(anonymous_48)
FNDA:1,(anonymous_49)
FNDA:1,(anonymous_50)
FNDA:1,(anonymous_51)
FNDA:2,(anonymous_52)
FNDA:1,(anonymous_53)
FNDA:1,(anonymous_54)
FNDA:1,(anonymous_55)
FNDA:3,(anonymous_56)
FNDA:1,(anonymous_57)
FNDA:1,(anonymous_58)
FNDA:1,(anonymous_59)
FNDA:1,(anonymous_60)
FNDA:1,(anonymous_61)
FNDA:1,(anonymous_62)
FNDA:1,(anonymous_63)
FNDA:1,(anonymous_64)
FNDA:1,(anonymous_65)
FNDA:1,(anonymous_66)
FNDA:1,(anonymous_67)
FNDA:1,(anonymous_68)
FNDA:1,(anonymous_69)
FNDA:1,(anonymous_70)
FNDA:1,(anonymous_71)
FNDA:1,(anonymous_72)
FNDA:0,(anonymous_73)
FNDA:1,(anonymous_74)
FNDA:1,(anonymous_75)
FNDA:1,(anonymous_76)
FNDA:1,(anonymous_77)
FNDA:1,(anonymous_78)
FNDA:1,(anonymous_79)
FNDA:1,(anonymous_80)
FNDA:1,(anonymous_81)
FNDA:1,(anonymous_82)
FNDA:1,(anonymous_83)
FNDA:1,(anonymous_84)
FNDA:1,(anonymous_85)
FNDA:1,(anonymous_86)
FNDA:1,(anonymous_87)
FNDA:4,(anonymous_88)
FNDA:1,(anonymous_89)
FNDA:2,(anonymous_90)
FNDA:1,(anonymous_91)
FNDA:4,(anonymous_92)
FNDA:1,(anonymous_93)
FNDA:3,(anonymous_94)
DA:4,1
DA:5,1
DA:7,3
DA:8,3
DA:10,3
DA:11,3
DA:12,3
DA:13,3
DA:14,3
DA:15,3
DA:16,3
DA:17,3
DA:18,3
DA:19,3
DA:20,3
DA:21,3
DA:25,1
DA:28,1
DA:29,38
DA:33,1
DA:35,38
DA:36,38
DA:40,1
DA:42,1
DA:43,1
DA:47,1
DA:48,1
DA:50,1
DA:58,1
DA:60,1
DA:62,1
DA:70,1
DA:71,1
DA:75,1
DA:76,1
DA:77,1
DA:86,1
DA:87,1
DA:89,1
DA:90,1
DA:91,1
DA:92,1
DA:93,1
DA:94,1
DA:95,1
DA:96,1
DA:97,1
DA:98,1
DA:99,1
DA:100,1
DA:101,1
DA:108,1
DA:109,1
DA:110,1
DA:111,1
DA:113,1
DA:114,1
DA:115,1
DA:116,1
DA:117,1
DA:118,1
DA:119,1
DA:120,1
DA:121,1
DA:122,1
DA:124,1
DA:131,1
DA:132,1
DA:133,1
DA:134,1
DA:135,1
DA:136,1
DA:137,1
DA:138,1
DA:139,1
DA:141,1
DA:148,1
DA:149,1
DA:150,1
DA:151,1
DA:152,1
DA:153,1
DA:154,1
DA:155,1
DA:156,1
DA:157,1
DA:161,1
DA:163,1
DA:164,1
DA:165,1
DA:166,1
DA:167,1
DA:168,1
DA:169,1
DA:171,1
DA:178,1
DA:179,1
DA:180,1
DA:181,1
DA:182,1
DA:183,1
DA:185,1
DA:192,1
DA:193,1
DA:194,1
DA:195,1
DA:196,1
DA:197,1
DA:198,1
DA:202,1
DA:204,1
DA:205,1
DA:206,1
DA:207,1
DA:208,1
DA:209,1
DA:210,1
DA:211,1
DA:212,1
DA:213,1
DA:214,1
DA:216,1
DA:217,1
DA:218,1
DA:219,1
DA:220,1
DA:221,1
DA:222,1
DA:223,1
DA:224,1
DA:225,1
DA:226,1
DA:228,1
DA:229,1
DA:230,1
DA:231,1
DA:232,1
DA:233,1
DA:234,1
DA:235,1
DA:236,1
DA:237,1
DA:238,1
DA:240,1
DA:241,1
DA:242,1
DA:243,1
DA:244,1
DA:245,1
DA:246,1
DA:247,1
DA:248,1
DA:249,1
DA:250,1
DA:251,1
DA:255,1
DA:256,1
DA:257,1
DA:258,1
DA:262,1
DA:264,1
DA:267,1
DA:271,1
DA:273,1
DA:276,2
DA:277,0
DA:282,1
DA:288,1
DA:290,1
DA:293,3
DA:294,0
DA:300,1
DA:301,1
DA:305,1
DA:307,1
DA:308,1
DA:309,1
DA:310,1
DA:311,1
DA:312,1
DA:313,1
DA:314,1
DA:315,1
DA:316,1
DA:317,1
DA:318,1
DA:319,1
DA:321,1
DA:324,1
DA:325,1
DA:326,1
DA:328,1
DA:332,1
DA:333,1
DA:334,1
DA:336,1
DA:339,1
DA:340,1
DA:341,1
DA:342,1
DA:346,1
DA:348,1
DA:349,1
DA:350,1
DA:351,1
DA:352,1
DA:353,1
DA:354,1
DA:355,1
DA:356,1
DA:357,1
DA:358,1
DA:359,1
DA:360,1
DA:361,1
DA:362,1
DA:363,1
DA:364,1
DA:365,1
DA:366,1
DA:367,1
DA:371,1
DA:373,1
DA:376,1
DA:377,1
DA:378,1
DA:379,1
DA:380,1
DA:382,1
DA:386,1
DA:387,1
DA:388,1
DA:389,1
DA:390,1
DA:392,1
DA:396,1
DA:397,1
DA:398,1
DA:399,1
DA:400,1
DA:402,1
DA:406,1
DA:407,1
DA:408,1
DA:409,1
DA:410,1
DA:412,1
DA:416,1
DA:417,1
DA:418,1
DA:419,1
DA:420,1
DA:422,1
DA:426,1
DA:427,1
DA:428,1
DA:429,1
DA:430,1
DA:431,1
DA:435,1
DA:437,1
DA:441,1
DA:442,1
DA:443,1
DA:444,1
DA:445,1
DA:447,1
DA:451,1
DA:452,1
DA:453,1
DA:454,1
DA:455,1
DA:456,1
DA:457,1
DA:458,1
DA:459,1
DA:460,1
DA:461,1
DA:462,1
DA:467,1
DA:469,1
DA:473,1
DA:474,1
DA:475,1
DA:476,1
DA:477,1
DA:479,1
DA:483,1
DA:484,1
DA:485,1
DA:486,1
DA:487,1
DA:493,1
DA:495,1
DA:498,1
DA:499,1
DA:500,1
DA:502,1
DA:508,1
DA:509,1
DA:510,1
DA:511,1
DA:512,1
DA:513,1
DA:514,1
DA:515,1
DA:516,1
DA:517,1
DA:518,1
DA:519,1
DA:520,1
DA:525,1
DA:527,1
DA:533,1
DA:534,1
DA:535,1
DA:536,1
DA:537,1
DA:538,1
DA:539,1
DA:540,1
DA:541,1
DA:542,1
DA:543,1
DA:544,1
DA:545,1
DA:546,1
DA:547,1
DA:552,1
DA:554,1
DA:555,1
DA:556,1
DA:557,1
DA:558,1
DA:560,1
DA:561,1
DA:562,1
DA:563,1
DA:564,1
DA:566,1
DA:567,1
DA:568,1
DA:569,1
DA:570,1
DA:571,1
DA:575,1
DA:577,1
DA:578,1
DA:579,1
DA:580,1
DA:581,1
DA:582,1
DA:583,1
DA:584,1
DA:586,1
DA:587,1
DA:588,1
DA:589,1
DA:591,1
DA:592,1
DA:593,1
DA:594,1
DA:595,1
DA:596,1
DA:600,1
DA:602,1
DA:603,1
DA:604,1
DA:605,1
DA:606,1
DA:608,1
DA:609,1
DA:610,1
DA:611,1
DA:612,1
DA:613,1
DA:615,1
DA:616,1
DA:617,1
DA:618,1
DA:619,1
DA:620,1
DA:621,1
DA:625,1
DA:627,1
DA:628,1
DA:629,1
DA:630,1
DA:631,1
DA:632,1
DA:636,1
DA:638,1
DA:639,1
DA:640,1
DA:641,1
DA:642,1
DA:643,1
DA:644,1
DA:645,1
DA:646,1
DA:651,1
DA:653,1
DA:654,1
DA:655,1
DA:656,1
DA:657,1
DA:658,1
DA:659,1
DA:660,1
DA:665,1
DA:667,1
DA:668,1
DA:669,1
DA:670,1
DA:671,1
DA:672,1
DA:673,1
DA:674,1
DA:675,1
DA:676,1
DA:682,1
DA:684,1
DA:686,1
DA:689,1
DA:692,1
DA:697,1
DA:703,1
DA:705,1
DA:709,1
DA:711,1
DA:715,1
DA:716,1
DA:717,1
DA:721,1
DA:723,1
DA:724,1
DA:725,1
DA:726,1
DA:727,1
DA:728,1
DA:729,1
DA:730,1
DA:731,1
DA:732,1
DA:733,1
DA:734,1
DA:735,1
DA:739,1
DA:741,1
DA:742,1
DA:743,1
DA:747,1
DA:748,1
DA:749,1
DA:750,1
DA:751,1
DA:754,1
DA:758,1
DA:759,1
DA:760,1
DA:764,1
DA:765,1
DA:766,1
DA:770,1
DA:774,1
DA:775,1
DA:776,1
DA:777,1
DA:781,1
DA:782,1
DA:783,1
DA:784,1
DA:785,1
DA:789,1
DA:790,1
DA:791,1
DA:792,1
DA:793,1
DA:797,1
DA:798,1
DA:799,1
DA:800,1
DA:801,1
DA:805,1
DA:806,1
DA:807,1
DA:808,1
DA:809,1
DA:813,1
DA:814,1
DA:815,1
DA:816,1
DA:817,1
DA:821,1
DA:822,1
DA:823,1
DA:824,1
DA:825,1
DA:829,1
DA:830,1
DA:831,1
DA:832,1
DA:833,1
DA:837,1
DA:838,1
DA:839,1
DA:840,1
DA:841,1
DA:845,1
DA:846,1
DA:850,1
DA:851,1
DA:852,1
DA:853,1
DA:854,1
DA:855,1
DA:856,1
DA:857,1
DA:858,1
DA:862,1
DA:866,1
DA:867,1
DA:868,1
DA:869,1
DA:870,1
DA:874,1
DA:875,1
DA:876,1
DA:877,1
DA:878,1
DA:879,1
DA:880,1
DA:881,1
DA:882,4
DA:884,1
DA:885,1
DA:886,1
DA:887,1
DA:891,1
DA:892,1
DA:893,1
DA:894,1
DA:895,1
DA:896,1
DA:897,1
DA:898,1
DA:899,3
DA:901,1
DA:902,1
DA:903,1
DA:904,1
LF:551
LH:549
BRDA:276,0,0,0
BRDA:276,0,1,2
BRDA:276,1,0,2
BRDA:276,1,1,1
BRDA:293,2,0,0
BRDA:293,2,1,3
BRDA:293,3,0,3
BRDA:293,3,1,2
BRDA:293,3,2,1
BRF:9
BRH:7
end_of_record
