TN:
SF:front/js/core/Controller.js
FN:25,(anonymous_0)
FN:76,(anonymous_1)
FN:96,(anonymous_2)
FN:112,(anonymous_3)
FN:115,(anonymous_4)
FN:116,(anonymous_5)
FN:117,(anonymous_6)
FN:118,(anonymous_7)
FN:119,(anonymous_8)
FN:120,(anonymous_9)
FN:122,(anonymous_10)
FN:123,(anonymous_11)
FN:124,(anonymous_12)
FN:125,(anonymous_13)
FN:126,(anonymous_14)
FN:127,(anonymous_15)
FN:129,(anonymous_16)
FN:147,(anonymous_17)
FN:162,(anonymous_18)
FN:180,(anonymous_19)
FN:196,(anonymous_20)
FN:216,(anonymous_21)
FN:231,(anonymous_22)
FN:246,(anonymous_23)
FN:262,(anonymous_24)
FN:278,(anonymous_25)
FN:307,(anonymous_26)
FN:309,(anonymous_27)
FN:322,(anonymous_28)
FN:346,(anonymous_29)
FN:363,(anonymous_30)
FN:413,(anonymous_31)
FN:437,(anonymous_32)
FN:477,(anonymous_33)
FN:498,(anonymous_34)
FN:517,(anonymous_35)
FN:537,(anonymous_36)
FN:562,(anonymous_37)
FN:623,(anonymous_38)
FN:648,(anonymous_39)
FN:665,(anonymous_40)
FN:691,(anonymous_41)
FN:715,(anonymous_42)
FN:735,(anonymous_43)
FN:753,(anonymous_44)
FN:778,(anonymous_45)
FN:796,(anonymous_46)
FN:803,(anonymous_47)
FN:810,(anonymous_48)
FN:817,(anonymous_49)
FN:824,(anonymous_50)
FN:831,(anonymous_51)
FNF:52
FNH:4
FNDA:2,(anonymous_0)
FNDA:2,(anonymous_1)
FNDA:2,(anonymous_2)
FNDA:2,(anonymous_3)
FNDA:0,(anonymous_4)
FNDA:0,(anonymous_5)
FNDA:0,(anonymous_6)
FNDA:0,(anonymous_7)
FNDA:0,(anonymous_8)
FNDA:0,(anonymous_9)
FNDA:0,(anonymous_10)
FNDA:0,(anonymous_11)
FNDA:0,(anonymous_12)
FNDA:0,(anonymous_13)
FNDA:0,(anonymous_14)
FNDA:0,(anonymous_15)
FNDA:0,(anonymous_16)
FNDA:0,(anonymous_17)
FNDA:0,(anonymous_18)
FNDA:0,(anonymous_19)
FNDA:0,(anonymous_20)
FNDA:0,(anonymous_21)
FNDA:0,(anonymous_22)
FNDA:0,(anonymous_23)
FNDA:0,(anonymous_24)
FNDA:0,(anonymous_25)
FNDA:0,(anonymous_26)
FNDA:0,(anonymous_27)
FNDA:0,(anonymous_28)
FNDA:0,(anonymous_29)
FNDA:0,(anonymous_30)
FNDA:0,(anonymous_31)
FNDA:0,(anonymous_32)
FNDA:0,(anonymous_33)
FNDA:0,(anonymous_34)
FNDA:0,(anonymous_35)
FNDA:0,(anonymous_36)
FNDA:0,(anonymous_37)
FNDA:0,(anonymous_38)
FNDA:0,(anonymous_39)
FNDA:0,(anonymous_40)
FNDA:0,(anonymous_41)
FNDA:0,(anonymous_42)
FNDA:0,(anonymous_43)
FNDA:0,(anonymous_44)
FNDA:0,(anonymous_45)
FNDA:0,(anonymous_46)
FNDA:0,(anonymous_47)
FNDA:0,(anonymous_48)
FNDA:0,(anonymous_49)
FNDA:0,(anonymous_50)
FNDA:0,(anonymous_51)
DA:28,2
DA:31,2
DA:34,2
DA:38,2
DA:41,2
DA:44,2
DA:47,2
DA:51,2
DA:54,2
DA:56,2
DA:57,2
DA:58,2
DA:77,2
DA:79,2
DA:80,0
DA:83,2
DA:97,2
DA:98,2
DA:113,2
DA:115,2
DA:116,2
DA:117,2
DA:118,2
DA:119,2
DA:120,2
DA:122,2
DA:123,2
DA:124,2
DA:125,2
DA:126,2
DA:127,2
DA:129,2
DA:148,0
DA:149,0
DA:163,0
DA:164,0
DA:165,0
DA:166,0
DA:181,0
DA:182,0
DA:197,0
DA:198,0
DA:217,0
DA:218,0
DA:232,0
DA:233,0
DA:247,0
DA:248,0
DA:263,0
DA:264,0
DA:279,0
DA:280,0
DA:308,0
DA:309,0
DA:310,0
DA:312,0
DA:313,0
DA:314,0
DA:316,0
DA:317,0
DA:318,0
DA:322,0
DA:323,0
DA:324,0
DA:326,0
DA:330,0
DA:347,0
DA:348,0
DA:364,0
DA:368,0
DA:369,0
DA:370,0
DA:373,0
DA:375,0
DA:376,0
DA:377,0
DA:378,0
DA:379,0
DA:380,0
DA:383,0
DA:384,0
DA:385,0
DA:386,0
DA:387,0
DA:388,0
DA:389,0
DA:392,0
DA:393,0
DA:396,0
DA:397,0
DA:400,0
DA:414,0
DA:415,0
DA:423,0
DA:438,0
DA:440,0
DA:441,0
DA:442,0
DA:443,0
DA:445,0
DA:446,0
DA:447,0
DA:450,0
DA:451,0
DA:452,0
DA:455,0
DA:456,0
DA:457,0
DA:458,0
DA:478,0
DA:480,0
DA:481,0
DA:499,0
DA:500,0
DA:518,0
DA:520,0
DA:521,0
DA:538,0
DA:540,0
DA:541,0
DA:563,0
DA:565,0
DA:567,0
DA:568,0
DA:571,0
DA:572,0
DA:573,0
DA:577,0
DA:580,0
DA:581,0
DA:584,0
DA:585,0
DA:586,0
DA:589,0
DA:591,0
DA:592,0
DA:595,0
DA:624,0
DA:626,0
DA:627,0
DA:630,0
DA:649,0
DA:650,0
DA:666,0
DA:667,0
DA:669,0
DA:670,0
DA:672,0
DA:692,0
DA:693,0
DA:694,0
DA:695,0
DA:696,0
DA:697,0
DA:698,0
DA:699,0
DA:716,0
DA:717,0
DA:718,0
DA:719,0
DA:720,0
DA:736,0
DA:737,0
DA:754,0
DA:756,0
DA:758,0
DA:759,0
DA:761,0
DA:779,0
DA:780,0
DA:781,0
DA:782,0
DA:783,0
DA:784,0
DA:785,0
DA:797,0
DA:804,0
DA:811,0
DA:818,0
DA:825,0
DA:832,0
LF:181
LH:31
BRDA:77,0,0,0
BRDA:77,0,1,2
BRDA:79,1,0,0
BRDA:79,1,1,2
BRDA:97,2,0,0
BRDA:97,2,1,2
BRDA:113,3,0,0
BRDA:113,3,1,2
BRDA:148,4,0,0
BRDA:148,4,1,0
BRDA:163,5,0,0
BRDA:163,5,1,0
BRDA:181,6,0,0
BRDA:181,6,1,0
BRDA:197,7,0,0
BRDA:197,7,1,0
BRDA:217,8,0,0
BRDA:217,8,1,0
BRDA:232,9,0,0
BRDA:232,9,1,0
BRDA:247,10,0,0
BRDA:247,10,1,0
BRDA:263,11,0,0
BRDA:263,11,1,0
BRDA:279,12,0,0
BRDA:279,12,1,0
BRDA:308,13,0,0
BRDA:308,13,1,0
BRDA:312,14,0,0
BRDA:312,14,1,0
BRDA:316,15,0,0
BRDA:316,15,1,0
BRDA:316,16,0,0
BRDA:316,16,1,0
BRDA:347,17,0,0
BRDA:347,17,1,0
BRDA:364,18,0,0
BRDA:364,18,1,0
BRDA:368,19,0,0
BRDA:368,19,1,0
BRDA:373,20,0,0
BRDA:373,20,1,0
BRDA:375,21,0,0
BRDA:375,21,1,0
BRDA:378,22,0,0
BRDA:378,22,1,0
BRDA:383,23,0,0
BRDA:383,23,1,0
BRDA:386,24,0,0
BRDA:386,24,1,0
BRDA:387,25,0,0
BRDA:387,25,1,0
BRDA:414,26,0,0
BRDA:414,26,1,0
BRDA:438,27,0,0
BRDA:438,27,1,0
BRDA:440,28,0,0
BRDA:440,28,1,0
BRDA:441,29,0,0
BRDA:441,29,1,0
BRDA:478,30,0,0
BRDA:478,30,1,0
BRDA:499,31,0,0
BRDA:499,31,1,0
BRDA:518,32,0,0
BRDA:518,32,1,0
BRDA:538,33,0,0
BRDA:538,33,1,0
BRDA:563,34,0,0
BRDA:563,34,1,0
BRDA:565,35,0,0
BRDA:565,35,1,0
BRDA:567,36,0,0
BRDA:567,36,1,0
BRDA:571,37,0,0
BRDA:571,37,1,0
BRDA:585,38,0,0
BRDA:585,38,1,0
BRDA:591,39,0,0
BRDA:591,39,1,0
BRDA:624,40,0,0
BRDA:624,40,1,0
BRDA:626,41,0,0
BRDA:626,41,1,0
BRDA:626,42,0,0
BRDA:626,42,1,0
BRDA:649,43,0,0
BRDA:649,43,1,0
BRDA:666,44,0,0
BRDA:666,44,1,0
BRDA:669,45,0,0
BRDA:669,45,1,0
BRDA:669,46,0,0
BRDA:669,46,1,0
BRDA:692,47,0,0
BRDA:692,47,1,0
BRDA:693,48,0,0
BRDA:693,48,1,0
BRDA:696,49,0,0
BRDA:696,49,1,0
BRDA:716,50,0,0
BRDA:716,50,1,0
BRDA:718,51,0,0
BRDA:718,51,1,0
BRDA:736,52,0,0
BRDA:736,52,1,0
BRDA:754,53,0,0
BRDA:754,53,1,0
BRDA:758,54,0,0
BRDA:758,54,1,0
BRDA:779,55,0,0
BRDA:779,55,1,0
BRF:112
BRH:4
end_of_record
TN:
SF:front/js/core/Player.js
FN:10,(anonymous_0)
FN:48,(anonymous_1)
FN:64,(anonymous_2)
FN:79,(anonymous_3)
FN:120,(anonymous_4)
FN:141,(anonymous_5)
FN:161,(anonymous_6)
FN:178,(anonymous_7)
FN:196,(anonymous_8)
FN:216,(anonymous_9)
FN:217,(anonymous_10)
FN:227,(anonymous_11)
FN:241,(anonymous_12)
FN:260,(anonymous_13)
FN:277,(anonymous_14)
FN:297,(anonymous_15)
FN:314,(anonymous_16)
FN:337,(anonymous_17)
FN:356,(anonymous_18)
FN:371,(anonymous_19)
FN:416,(anonymous_20)
FN:431,(anonymous_21)
FN:446,(anonymous_22)
FN:472,(anonymous_23)
FN:473,(anonymous_24)
FN:478,(anonymous_25)
FN:520,(anonymous_26)
FN:539,(anonymous_27)
FN:551,(anonymous_28)
FN:558,(anonymous_29)
FN:565,(anonymous_30)
FN:572,(anonymous_31)
FN:579,(anonymous_32)
FN:586,(anonymous_33)
FN:593,(anonymous_34)
FN:600,(anonymous_35)
FN:607,(anonymous_36)
FNF:37
FNH:6
FNDA:2,(anonymous_0)
FNDA:2,(anonymous_1)
FNDA:2,(anonymous_2)
FNDA:0,(anonymous_3)
FNDA:2,(anonymous_4)
FNDA:0,(anonymous_5)
FNDA:0,(anonymous_6)
FNDA:0,(anonymous_7)
FNDA:0,(anonymous_8)
FNDA:0,(anonymous_9)
FNDA:0,(anonymous_10)
FNDA:0,(anonymous_11)
FNDA:0,(anonymous_12)
FNDA:0,(anonymous_13)
FNDA:0,(anonymous_14)
FNDA:0,(anonymous_15)
FNDA:0,(anonymous_16)
FNDA:0,(anonymous_17)
FNDA:0,(anonymous_18)
FNDA:2,(anonymous_19)
FNDA:0,(anonymous_20)
FNDA:0,(anonymous_21)
FNDA:0,(anonymous_22)
FNDA:0,(anonymous_23)
FNDA:0,(anonymous_24)
FNDA:0,(anonymous_25)
FNDA:0,(anonymous_26)
FNDA:0,(anonymous_27)
FNDA:0,(anonymous_28)
FNDA:0,(anonymous_29)
FNDA:0,(anonymous_30)
FNDA:0,(anonymous_31)
FNDA:0,(anonymous_32)
FNDA:0,(anonymous_33)
FNDA:0,(anonymous_34)
FNDA:0,(anonymous_35)
FNDA:2,(anonymous_36)
DA:13,2
DA:16,2
DA:19,2
DA:22,2
DA:25,2
DA:28,2
DA:29,2
DA:30,2
DA:49,2
DA:50,2
DA:51,2
DA:65,2
DA:66,2
DA:80,0
DA:82,0
DA:83,0
DA:87,0
DA:88,0
DA:92,0
DA:93,0
DA:97,0
DA:98,0
DA:103,0
DA:121,2
DA:122,2
DA:123,2
DA:142,0
DA:143,0
DA:144,0
DA:145,0
DA:146,0
DA:162,0
DA:163,0
DA:164,0
DA:179,0
DA:180,0
DA:181,0
DA:182,0
DA:197,0
DA:198,0
DA:200,0
DA:217,0
DA:219,0
DA:220,0
DA:224,0
DA:227,0
DA:228,0
DA:229,0
DA:230,0
DA:233,0
DA:234,0
DA:237,0
DA:238,0
DA:240,0
DA:241,0
DA:242,0
DA:243,0
DA:244,0
DA:246,0
DA:261,0
DA:262,0
DA:263,0
DA:278,0
DA:279,0
DA:298,0
DA:299,0
DA:300,0
DA:315,0
DA:316,0
DA:318,0
DA:319,0
DA:322,0
DA:323,0
DA:338,0
DA:339,0
DA:341,0
DA:357,0
DA:372,2
DA:373,0
DA:377,0
DA:380,2
DA:381,0
DA:382,0
DA:383,0
DA:386,2
DA:387,0
DA:390,2
DA:391,0
DA:392,0
DA:393,0
DA:396,2
DA:397,2
DA:417,0
DA:432,0
DA:447,0
DA:448,0
DA:452,0
DA:455,0
DA:456,0
DA:459,0
DA:460,0
DA:461,0
DA:464,0
DA:465,0
DA:467,0
DA:473,0
DA:474,0
DA:475,0
DA:478,0
DA:479,0
DA:481,0
DA:482,0
DA:483,0
DA:485,0
DA:486,0
DA:487,0
DA:488,0
DA:489,0
DA:490,0
DA:492,0
DA:493,0
DA:494,0
DA:496,0
DA:497,0
DA:500,0
DA:521,0
DA:522,0
DA:524,0
DA:540,0
DA:552,0
DA:559,0
DA:566,0
DA:573,0
DA:580,0
DA:587,0
DA:594,0
DA:601,0
DA:608,2
LF:138
LH:23
BRDA:82,0,0,0
BRDA:82,0,1,0
BRDA:87,1,0,0
BRDA:87,1,1,0
BRDA:92,2,0,0
BRDA:92,2,1,0
BRDA:97,3,0,0
BRDA:97,3,1,0
BRDA:142,4,0,0
BRDA:142,4,1,0
BRDA:145,5,0,0
BRDA:145,5,1,0
BRDA:162,6,0,0
BRDA:162,6,1,0
BRDA:179,7,0,0
BRDA:179,7,1,0
BRDA:197,8,0,0
BRDA:197,8,1,0
BRDA:219,9,0,0
BRDA:219,9,1,0
BRDA:228,10,0,0
BRDA:228,10,1,0
BRDA:233,11,0,0
BRDA:233,11,1,0
BRDA:261,12,0,0
BRDA:261,12,1,0
BRDA:298,13,0,0
BRDA:298,13,1,0
BRDA:315,14,0,0
BRDA:315,14,1,0
BRDA:318,15,0,0
BRDA:318,15,1,0
BRDA:338,16,0,0
BRDA:338,16,1,0
BRDA:372,17,0,0
BRDA:372,17,1,2
BRDA:380,18,0,0
BRDA:380,18,1,2
BRDA:386,19,0,0
BRDA:386,19,1,2
BRDA:390,20,0,0
BRDA:390,20,1,2
BRDA:432,21,0,0
BRDA:432,21,1,0
BRDA:447,22,0,0
BRDA:447,22,1,0
BRDA:455,23,0,0
BRDA:455,23,1,0
BRDA:459,24,0,0
BRDA:459,24,1,0
BRDA:464,25,0,0
BRDA:464,25,1,0
BRDA:481,26,0,0
BRDA:481,26,1,0
BRDA:483,27,0,0
BRDA:483,27,1,0
BRDA:483,28,0,0
BRDA:483,28,1,0
BRDA:488,29,0,0
BRDA:488,29,1,0
BRDA:490,30,0,0
BRDA:490,30,1,0
BRDA:490,31,0,0
BRDA:490,31,1,0
BRDA:496,32,0,0
BRDA:496,32,1,0
BRDA:521,33,0,0
BRDA:521,33,1,0
BRF:68
BRH:4
end_of_record
TN:
SF:front/js/utils/CustomEvents.js
FN:13,(anonymous_0)
FN:41,(anonymous_1)
FN:47,(anonymous_2)
FN:74,(anonymous_3)
FN:85,(anonymous_4)
FN:127,(anonymous_5)
FN:162,(anonymous_6)
FN:191,(anonymous_7)
FN:235,(anonymous_8)
FN:245,(anonymous_9)
FN:279,(anonymous_10)
FN:331,(anonymous_11)
FN:379,(anonymous_12)
FN:441,(anonymous_13)
FNF:14
FNH:4
FNDA:1,(anonymous_0)
FNDA:0,(anonymous_1)
FNDA:0,(anonymous_2)
FNDA:4,(anonymous_3)
FNDA:0,(anonymous_4)
FNDA:0,(anonymous_5)
FNDA:0,(anonymous_6)
FNDA:0,(anonymous_7)
FNDA:2,(anonymous_8)
FNDA:0,(anonymous_9)
FNDA:0,(anonymous_10)
FNDA:0,(anonymous_11)
FNDA:0,(anonymous_12)
FNDA:6,(anonymous_13)
DA:15,1
DA:16,0
DA:20,1
DA:23,1
DA:26,1
DA:29,1
DA:32,1
DA:43,0
DA:45,0
DA:47,0
DA:48,0
DA:76,4
DA:78,4
DA:81,0
DA:82,0
DA:85,4
DA:86,0
DA:89,4
DA:90,0
DA:91,0
DA:93,4
DA:94,0
DA:95,0
DA:97,4
DA:98,0
DA:99,0
DA:102,4
DA:104,4
DA:113,4
DA:115,4
DA:129,0
DA:131,0
DA:132,0
DA:133,0
DA:136,0
DA:137,0
DA:138,0
DA:141,0
DA:143,0
DA:145,0
DA:147,0
DA:148,0
DA:152,0
DA:164,0
DA:166,0
DA:168,0
DA:170,0
DA:171,0
DA:174,0
DA:176,0
DA:179,0
DA:193,0
DA:195,0
DA:196,0
DA:197,0
DA:200,0
DA:201,0
DA:202,0
DA:205,0
DA:207,0
DA:208,0
DA:209,0
DA:210,0
DA:213,0
DA:237,2
DA:239,2
DA:241,0
DA:242,0
DA:245,2
DA:246,0
DA:248,2
DA:249,0
DA:250,0
DA:252,2
DA:253,0
DA:254,0
DA:257,2
DA:258,1
DA:261,2
DA:268,2
DA:281,0
DA:283,0
DA:284,0
DA:285,0
DA:288,0
DA:289,0
DA:290,0
DA:293,0
DA:295,0
DA:297,0
DA:299,0
DA:301,0
DA:303,0
DA:305,0
DA:307,0
DA:309,0
DA:311,0
DA:312,0
DA:315,0
DA:320,0
DA:333,0
DA:335,0
DA:336,0
DA:337,0
DA:340,0
DA:341,0
DA:342,0
DA:345,0
DA:347,0
DA:349,0
DA:350,0
DA:352,0
DA:354,0
DA:356,0
DA:358,0
DA:360,0
DA:361,0
DA:367,0
DA:381,0
DA:383,0
DA:384,0
DA:385,0
DA:388,0
DA:389,0
DA:390,0
DA:393,0
DA:395,0
DA:397,0
DA:399,0
DA:401,0
DA:403,0
DA:406,0
DA:408,0
DA:410,0
DA:412,0
DA:414,0
DA:415,0
DA:417,0
DA:418,0
DA:425,0
DA:442,6
DA:443,0
LF:142
LH:26
BRDA:13,0,0,1
BRDA:15,1,0,0
BRDA:15,1,1,1
BRDA:74,2,0,0
BRDA:74,3,0,4
BRDA:78,4,0,0
BRDA:78,4,1,4
BRDA:78,5,0,4
BRDA:78,5,1,4
BRDA:78,5,2,4
BRDA:78,5,3,4
BRDA:78,5,4,4
BRDA:78,5,5,4
BRDA:89,6,0,0
BRDA:89,6,1,4
BRDA:89,7,0,4
BRDA:89,7,1,4
BRDA:89,7,2,4
BRDA:93,8,0,0
BRDA:93,8,1,4
BRDA:93,9,0,4
BRDA:93,9,1,4
BRDA:93,9,2,4
BRDA:97,10,0,0
BRDA:97,10,1,4
BRDA:97,11,0,4
BRDA:97,11,1,4
BRDA:97,11,2,4
BRDA:97,11,3,4
BRDA:131,12,0,0
BRDA:131,12,1,0
BRDA:131,13,0,0
BRDA:131,13,1,0
BRDA:136,14,0,0
BRDA:136,14,1,0
BRDA:145,15,0,0
BRDA:145,15,1,0
BRDA:174,16,0,0
BRDA:174,16,1,0
BRDA:174,17,0,0
BRDA:174,17,1,0
BRDA:195,18,0,0
BRDA:195,18,1,0
BRDA:195,19,0,0
BRDA:195,19,1,0
BRDA:200,20,0,0
BRDA:200,20,1,0
BRDA:205,21,0,0
BRDA:205,21,1,0
BRDA:235,22,0,2
BRDA:239,23,0,0
BRDA:239,23,1,2
BRDA:239,24,0,2
BRDA:239,24,1,2
BRDA:239,24,2,2
BRDA:239,24,3,2
BRDA:248,25,0,0
BRDA:248,25,1,2
BRDA:248,26,0,2
BRDA:248,26,1,2
BRDA:252,27,0,0
BRDA:252,27,1,2
BRDA:252,28,0,2
BRDA:252,28,1,2
BRDA:252,28,2,2
BRDA:257,29,0,1
BRDA:257,29,1,1
BRDA:283,30,0,0
BRDA:283,30,1,0
BRDA:283,31,0,0
BRDA:283,31,1,0
BRDA:288,32,0,0
BRDA:288,32,1,0
BRDA:303,33,0,0
BRDA:303,33,1,0
BRDA:311,34,0,0
BRDA:311,34,1,0
BRDA:335,35,0,0
BRDA:335,35,1,0
BRDA:335,36,0,0
BRDA:335,36,1,0
BRDA:340,37,0,0
BRDA:340,37,1,0
BRDA:350,38,0,0
BRDA:350,38,1,0
BRDA:360,39,0,0
BRDA:360,39,1,0
BRDA:379,40,0,0
BRDA:383,41,0,0
BRDA:383,41,1,0
BRDA:383,42,0,0
BRDA:383,42,1,0
BRDA:388,43,0,0
BRDA:388,43,1,0
BRDA:388,44,0,0
BRDA:388,44,1,0
BRDA:388,44,2,0
BRDA:399,45,0,0
BRDA:399,45,1,0
BRDA:412,46,0,0
BRDA:412,46,1,0
BRDA:417,47,0,0
BRDA:417,47,1,0
BRDA:442,48,0,0
BRDA:442,48,1,6
BRF:105
BRH:39
end_of_record
TN:
SF:front/js/utils/Logger.js
FN:21,(anonymous_0)
FN:59,(anonymous_1)
FN:61,(anonymous_2)
FN:85,(anonymous_3)
FN:115,(anonymous_4)
FN:158,(anonymous_5)
FN:178,(anonymous_6)
FN:225,(anonymous_7)
FN:273,(anonymous_8)
FN:283,(anonymous_9)
FNF:10
FNH:1
FNDA:1,(anonymous_0)
FNDA:0,(anonymous_1)
FNDA:0,(anonymous_2)
FNDA:0,(anonymous_3)
FNDA:0,(anonymous_4)
FNDA:0,(anonymous_5)
FNDA:0,(anonymous_6)
FNDA:0,(anonymous_7)
FNDA:0,(anonymous_8)
FNDA:0,(anonymous_9)
DA:23,1
DA:24,0
DA:27,1
DA:29,1
DA:30,1
DA:32,1
DA:33,0
DA:35,1
DA:36,0
DA:40,1
DA:43,1
DA:46,1
DA:49,1
DA:50,1
DA:61,0
DA:62,0
DA:65,0
DA:86,0
DA:87,0
DA:88,0
DA:89,0
DA:91,0
DA:92,0
DA:94,0
DA:95,0
DA:96,0
DA:100,0
DA:116,0
DA:117,0
DA:118,0
DA:119,0
DA:121,0
DA:122,0
DA:123,0
DA:124,0
DA:125,0
DA:126,0
DA:127,0
DA:128,0
DA:129,0
DA:130,0
DA:131,0
DA:132,0
DA:133,0
DA:134,0
DA:136,0
DA:137,0
DA:138,0
DA:141,0
DA:159,0
DA:160,0
DA:179,0
DA:181,0
DA:182,0
DA:185,0
DA:191,0
DA:196,0
DA:197,0
DA:198,0
DA:199,0
DA:200,0
DA:203,0
DA:205,0
DA:206,0
DA:208,0
DA:209,0
DA:212,0
DA:227,0
DA:229,0
DA:230,0
DA:231,0
DA:232,0
DA:233,0
DA:234,0
DA:236,0
DA:237,0
DA:238,0
DA:240,0
DA:243,0
DA:246,0
DA:247,0
DA:248,0
DA:251,0
DA:275,0
DA:277,0
DA:279,0
DA:284,0
LF:87
LH:11
BRDA:21,0,0,0
BRDA:23,1,0,0
BRDA:23,1,1,1
BRDA:29,2,0,1
BRDA:29,2,1,0
BRDA:32,3,0,0
BRDA:32,3,1,1
BRDA:35,4,0,0
BRDA:35,4,1,1
BRDA:89,5,0,0
BRDA:89,5,1,0
BRDA:89,6,0,0
BRDA:89,6,1,0
BRDA:91,7,0,0
BRDA:91,7,1,0
BRDA:94,8,0,0
BRDA:94,8,1,0
BRDA:95,9,0,0
BRDA:95,9,1,0
BRDA:96,10,0,0
BRDA:96,10,1,0
BRDA:121,11,0,0
BRDA:121,11,1,0
BRDA:121,12,0,0
BRDA:121,12,1,0
BRDA:121,12,2,0
BRDA:121,12,3,0
BRDA:126,13,0,0
BRDA:126,13,1,0
BRDA:126,14,0,0
BRDA:126,14,1,0
BRDA:131,15,0,0
BRDA:131,15,1,0
BRDA:131,16,0,0
BRDA:131,16,1,0
BRDA:131,16,2,0
BRDA:132,17,0,0
BRDA:132,17,1,0
BRDA:133,18,0,0
BRDA:133,18,1,0
BRDA:134,19,0,0
BRDA:134,19,1,0
BRDA:159,20,0,0
BRDA:159,20,1,0
BRDA:159,21,0,0
BRDA:159,21,1,0
BRDA:161,22,0,0
BRDA:161,22,1,0
BRDA:162,23,0,0
BRDA:162,23,1,0
BRDA:163,24,0,0
BRDA:163,24,1,0
BRDA:179,25,0,0
BRDA:179,25,1,0
BRDA:179,26,0,0
BRDA:179,26,1,0
BRDA:181,27,0,0
BRDA:181,27,1,0
BRDA:181,28,0,0
BRDA:181,28,1,0
BRDA:181,28,2,0
BRDA:193,29,0,0
BRDA:193,29,1,0
BRDA:197,30,0,0
BRDA:197,30,1,0
BRDA:199,31,0,0
BRDA:199,31,1,0
BRDA:208,32,0,0
BRDA:208,32,1,0
BRDA:208,33,0,0
BRDA:208,33,1,0
BRDA:229,34,0,0
BRDA:229,34,1,0
BRDA:230,35,0,0
BRDA:230,35,1,0
BRDA:233,36,0,0
BRDA:233,36,1,0
BRDA:247,37,0,0
BRDA:247,37,1,0
BRF:79
BRH:4
end_of_record
TN:
SF:front/js/utils/Notification.js
FN:14,(anonymous_0)
FN:67,(anonymous_1)
FN:70,(anonymous_2)
FN:99,(anonymous_3)
FN:164,(anonymous_4)
FN:195,(anonymous_5)
FN:232,(anonymous_6)
FN:262,(anonymous_7)
FN:266,(anonymous_8)
FN:272,(anonymous_9)
FN:291,(anonymous_10)
FN:335,(anonymous_11)
FN:352,(anonymous_12)
FN:381,(anonymous_13)
FN:426,(anonymous_14)
FN:455,(anonymous_15)
FN:464,(anonymous_16)
FN:481,(anonymous_17)
FN:490,(anonymous_18)
FN:508,(anonymous_19)
FN:517,(anonymous_20)
FN:544,(anonymous_21)
FN:589,(anonymous_22)
FN:629,(anonymous_23)
FN:656,(anonymous_24)
FN:673,(anonymous_25)
FN:675,(anonymous_26)
FN:693,(anonymous_27)
FN:696,halfFadeOut
FN:724,(anonymous_29)
FN:727,halfFadeIn
FN:760,(anonymous_31)
FN:795,(anonymous_32)
FN:848,(anonymous_33)
FN:898,(anonymous_34)
FN:943,(anonymous_35)
FN:963,(anonymous_36)
FN:983,(anonymous_37)
FN:1003,(anonymous_38)
FN:1022,(anonymous_39)
FN:1040,(anonymous_40)
FN:1060,(anonymous_41)
FNF:42
FNH:5
FNDA:1,(anonymous_0)
FNDA:0,(anonymous_1)
FNDA:0,(anonymous_2)
FNDA:1,(anonymous_3)
FNDA:1,(anonymous_4)
FNDA:1,(anonymous_5)
FNDA:1,(anonymous_6)
FNDA:0,(anonymous_7)
FNDA:0,(anonymous_8)
FNDA:0,(anonymous_9)
FNDA:0,(anonymous_10)
FNDA:0,(anonymous_11)
FNDA:0,(anonymous_12)
FNDA:0,(anonymous_13)
FNDA:0,(anonymous_14)
FNDA:0,(anonymous_15)
FNDA:0,(anonymous_16)
FNDA:0,(anonymous_17)
FNDA:0,(anonymous_18)
FNDA:0,(anonymous_19)
FNDA:0,(anonymous_20)
FNDA:0,(anonymous_21)
FNDA:0,(anonymous_22)
FNDA:0,(anonymous_23)
FNDA:0,(anonymous_24)
FNDA:0,(anonymous_25)
FNDA:0,(anonymous_26)
FNDA:0,(anonymous_27)
FNDA:0,halfFadeOut
FNDA:0,(anonymous_29)
FNDA:0,halfFadeIn
FNDA:0,(anonymous_31)
FNDA:0,(anonymous_32)
FNDA:0,(anonymous_33)
FNDA:0,(anonymous_34)
FNDA:0,(anonymous_35)
FNDA:0,(anonymous_36)
FNDA:0,(anonymous_37)
FNDA:0,(anonymous_38)
FNDA:0,(anonymous_39)
FNDA:0,(anonymous_40)
FNDA:0,(anonymous_41)
DA:15,1
DA:16,0
DA:18,1
DA:22,1
DA:25,1
DA:28,1
DA:31,1
DA:34,1
DA:37,1
DA:40,1
DA:43,1
DA:46,1
DA:49,1
DA:52,1
DA:54,1
DA:56,1
DA:68,0
DA:70,0
DA:71,0
DA:74,0
DA:101,1
DA:102,1
DA:105,1
DA:106,1
DA:108,1
DA:142,1
DA:143,1
DA:144,1
DA:145,1
DA:146,1
DA:147,1
DA:148,1
DA:150,1
DA:151,1
DA:165,1
DA:166,1
DA:169,1
DA:170,1
DA:173,1
DA:174,1
DA:177,1
DA:178,1
DA:181,1
DA:182,1
DA:196,1
DA:200,0
DA:203,1
DA:208,0
DA:211,1
DA:212,0
DA:215,1
DA:216,0
DA:219,1
DA:220,0
DA:233,1
DA:234,1
DA:235,1
DA:263,0
DA:266,0
DA:267,0
DA:268,0
DA:272,0
DA:273,0
DA:274,0
DA:278,0
DA:279,0
DA:283,0
DA:284,0
DA:285,0
DA:286,0
DA:287,0
DA:291,0
DA:292,0
DA:293,0
DA:296,0
DA:297,0
DA:302,0
DA:303,0
DA:304,0
DA:307,0
DA:308,0
DA:309,0
DA:312,0
DA:336,0
DA:337,0
DA:338,0
DA:339,0
DA:341,0
DA:342,0
DA:345,0
DA:346,0
DA:348,0
DA:349,0
DA:350,0
DA:351,0
DA:352,0
DA:353,0
DA:354,0
DA:358,0
DA:359,0
DA:362,0
DA:364,0
DA:365,0
DA:368,0
DA:383,0
DA:384,0
DA:385,0
DA:386,0
DA:387,0
DA:388,0
DA:389,0
DA:391,0
DA:392,0
DA:393,0
DA:394,0
DA:396,0
DA:397,0
DA:398,0
DA:399,0
DA:400,0
DA:401,0
DA:402,0
DA:403,0
DA:406,0
DA:407,0
DA:408,0
DA:410,0
DA:411,0
DA:412,0
DA:413,0
DA:428,0
DA:429,0
DA:431,0
DA:432,0
DA:433,0
DA:436,0
DA:438,0
DA:439,0
DA:440,0
DA:456,0
DA:457,0
DA:459,0
DA:461,0
DA:462,0
DA:464,0
DA:465,0
DA:483,0
DA:484,0
DA:486,0
DA:489,0
DA:490,0
DA:491,0
DA:509,0
DA:510,0
DA:513,0
DA:514,0
DA:515,0
DA:516,0
DA:517,0
DA:518,0
DA:519,0
DA:521,0
DA:522,0
DA:523,0
DA:524,0
DA:525,0
DA:545,0
DA:547,0
DA:548,0
DA:552,0
DA:553,0
DA:554,0
DA:555,0
DA:558,0
DA:559,0
DA:561,0
DA:562,0
DA:563,0
DA:564,0
DA:569,0
DA:570,0
DA:590,0
DA:591,0
DA:592,0
DA:595,0
DA:598,0
DA:599,0
DA:602,0
DA:603,0
DA:604,0
DA:605,0
DA:608,0
DA:610,0
DA:611,0
DA:631,0
DA:632,0
DA:634,0
DA:635,0
DA:636,0
DA:637,0
DA:639,0
DA:657,0
DA:658,0
DA:659,0
DA:674,0
DA:675,0
DA:676,0
DA:694,0
DA:695,0
DA:696,0
DA:697,0
DA:698,0
DA:699,0
DA:701,0
DA:702,0
DA:703,0
DA:704,0
DA:708,0
DA:725,0
DA:726,0
DA:727,0
DA:728,0
DA:729,0
DA:730,0
DA:731,0
DA:732,0
DA:733,0
DA:734,0
DA:735,0
DA:738,0
DA:762,0
DA:763,0
DA:766,0
DA:767,0
DA:770,0
DA:771,0
DA:774,0
DA:775,0
DA:778,0
DA:779,0
DA:782,0
DA:796,0
DA:797,0
DA:800,0
DA:801,0
DA:804,0
DA:805,0
DA:808,0
DA:809,0
DA:812,0
DA:813,0
DA:816,0
DA:817,0
DA:820,0
DA:821,0
DA:824,0
DA:825,0
DA:828,0
DA:829,0
DA:832,0
DA:833,0
DA:853,0
DA:854,0
DA:856,0
DA:857,0
DA:860,0
DA:861,0
DA:862,0
DA:863,0
DA:866,0
DA:899,0
DA:900,0
DA:901,0
DA:904,0
DA:906,0
DA:922,0
DA:923,0
DA:925,0
DA:926,0
DA:927,0
DA:930,0
DA:944,0
DA:945,0
DA:946,0
DA:948,0
DA:949,0
DA:964,0
DA:965,0
DA:966,0
DA:968,0
DA:969,0
DA:984,0
DA:985,0
DA:986,0
DA:988,0
DA:989,0
DA:1004,0
DA:1005,0
DA:1006,0
DA:1008,0
DA:1009,0
DA:1023,0
DA:1025,0
DA:1026,0
DA:1029,0
DA:1041,0
DA:1042,0
DA:1043,0
DA:1045,0
DA:1046,0
DA:1061,0
DA:1062,0
DA:1063,0
DA:1064,0
LF:314
LH:47
BRDA:15,0,0,0
BRDA:15,0,1,1
BRDA:101,1,0,1
BRDA:101,1,1,0
BRDA:165,2,0,1
BRDA:165,2,1,0
BRDA:169,3,0,1
BRDA:169,3,1,0
BRDA:173,4,0,1
BRDA:173,4,1,0
BRDA:177,5,0,1
BRDA:177,5,1,0
BRDA:181,6,0,1
BRDA:181,6,1,0
BRDA:196,7,0,0
BRDA:196,7,1,1
BRDA:196,8,0,1
BRDA:196,8,1,1
BRDA:196,8,2,0
BRDA:196,8,3,0
BRDA:203,9,0,0
BRDA:203,9,1,1
BRDA:203,10,0,1
BRDA:203,10,1,0
BRDA:203,10,2,0
BRDA:203,10,3,0
BRDA:203,10,4,0
BRDA:211,11,0,0
BRDA:211,11,1,1
BRDA:211,12,0,1
BRDA:211,12,1,1
BRDA:215,13,0,0
BRDA:215,13,1,1
BRDA:215,14,0,1
BRDA:215,14,1,1
BRDA:215,14,2,1
BRDA:219,15,0,0
BRDA:219,15,1,1
BRDA:219,16,0,1
BRDA:219,16,1,1
BRDA:267,17,0,0
BRDA:267,17,1,0
BRDA:273,18,0,0
BRDA:273,18,1,0
BRDA:278,19,0,0
BRDA:278,19,1,0
BRDA:283,20,0,0
BRDA:283,20,1,0
BRDA:292,21,0,0
BRDA:292,21,1,0
BRDA:296,22,0,0
BRDA:296,22,1,0
BRDA:296,23,0,0
BRDA:296,23,1,0
BRDA:302,24,0,0
BRDA:302,24,1,0
BRDA:307,25,0,0
BRDA:307,25,1,0
BRDA:341,26,0,0
BRDA:341,26,1,0
BRDA:348,27,0,0
BRDA:348,27,1,0
BRDA:358,28,0,0
BRDA:358,28,1,0
BRDA:364,29,0,0
BRDA:364,29,1,0
BRDA:396,30,0,0
BRDA:396,30,1,0
BRDA:398,31,0,0
BRDA:398,31,1,0
BRDA:400,32,0,0
BRDA:400,32,1,0
BRDA:402,33,0,0
BRDA:402,33,1,0
BRDA:406,34,0,0
BRDA:406,34,1,0
BRDA:407,35,0,0
BRDA:407,35,1,0
BRDA:428,36,0,0
BRDA:428,36,1,0
BRDA:431,37,0,0
BRDA:431,37,1,0
BRDA:438,38,0,0
BRDA:438,38,1,0
BRDA:456,39,0,0
BRDA:456,39,1,0
BRDA:483,40,0,0
BRDA:483,40,1,0
BRDA:483,41,0,0
BRDA:483,41,1,0
BRDA:509,42,0,0
BRDA:509,42,1,0
BRDA:521,43,0,0
BRDA:521,43,1,0
BRDA:524,44,0,0
BRDA:524,44,1,0
BRDA:547,45,0,0
BRDA:547,45,1,0
BRDA:552,46,0,0
BRDA:552,46,1,0
BRDA:554,47,0,0
BRDA:554,47,1,0
BRDA:558,48,0,0
BRDA:558,48,1,0
BRDA:569,49,0,0
BRDA:569,49,1,0
BRDA:569,50,0,0
BRDA:569,50,1,0
BRDA:590,51,0,0
BRDA:590,51,1,0
BRDA:590,52,0,0
BRDA:590,52,1,0
BRDA:591,53,0,0
BRDA:591,53,1,0
BRDA:602,54,0,0
BRDA:602,54,1,0
BRDA:604,55,0,0
BRDA:604,55,1,0
BRDA:631,56,0,0
BRDA:631,56,1,0
BRDA:634,57,0,0
BRDA:634,57,1,0
BRDA:636,58,0,0
BRDA:636,58,1,0
BRDA:697,59,0,0
BRDA:697,59,1,0
BRDA:701,60,0,0
BRDA:701,60,1,0
BRDA:701,61,0,0
BRDA:701,61,1,0
BRDA:728,62,0,0
BRDA:728,62,1,0
BRDA:731,63,0,0
BRDA:731,63,1,0
BRDA:762,64,0,0
BRDA:762,64,1,0
BRDA:762,65,0,0
BRDA:762,65,1,0
BRDA:762,65,2,0
BRDA:766,66,0,0
BRDA:766,66,1,0
BRDA:766,67,0,0
BRDA:766,67,1,0
BRDA:770,68,0,0
BRDA:770,68,1,0
BRDA:770,69,0,0
BRDA:770,69,1,0
BRDA:774,70,0,0
BRDA:774,70,1,0
BRDA:774,71,0,0
BRDA:774,71,1,0
BRDA:774,71,2,0
BRDA:774,71,3,0
BRDA:778,72,0,0
BRDA:778,72,1,0
BRDA:796,73,0,0
BRDA:796,73,1,0
BRDA:800,74,0,0
BRDA:800,74,1,0
BRDA:804,75,0,0
BRDA:804,75,1,0
BRDA:808,76,0,0
BRDA:808,76,1,0
BRDA:812,77,0,0
BRDA:812,77,1,0
BRDA:816,78,0,0
BRDA:816,78,1,0
BRDA:820,79,0,0
BRDA:820,79,1,0
BRDA:824,80,0,0
BRDA:824,80,1,0
BRDA:828,81,0,0
BRDA:828,81,1,0
BRDA:832,82,0,0
BRDA:832,82,1,0
BRDA:856,83,0,0
BRDA:856,83,1,0
BRDA:856,84,0,0
BRDA:856,84,1,0
BRDA:899,85,0,0
BRDA:899,85,1,0
BRDA:922,86,0,0
BRDA:922,86,1,0
BRDA:944,87,0,0
BRDA:944,87,1,0
BRDA:964,88,0,0
BRDA:964,88,1,0
BRDA:984,89,0,0
BRDA:984,89,1,0
BRDA:1004,90,0,0
BRDA:1004,90,1,0
BRDA:1025,91,0,0
BRDA:1025,91,1,0
BRDA:1041,92,0,0
BRDA:1041,92,1,0
BRDA:1041,93,0,0
BRDA:1041,93,1,0
BRDA:1061,94,0,0
BRDA:1061,94,1,0
BRDA:1063,95,0,0
BRDA:1063,95,1,0
BRF:201
BRH:22
end_of_record
TN:
SF:front/js/utils/Shortcut.js
FN:16,(anonymous_0)
FN:63,(anonymous_1)
FN:67,(anonymous_2)
FN:89,(anonymous_3)
FN:103,(anonymous_4)
FN:119,(anonymous_5)
FN:142,(anonymous_6)
FN:166,(anonymous_7)
FN:190,(anonymous_8)
FN:200,(anonymous_9)
FN:210,(anonymous_10)
FN:227,(anonymous_11)
FN:235,(anonymous_12)
FN:245,(anonymous_13)
FN:265,(anonymous_14)
FN:290,(anonymous_15)
FN:328,(anonymous_16)
FN:367,(anonymous_17)
FN:397,(anonymous_18)
FN:413,(anonymous_19)
FN:429,(anonymous_20)
FN:444,(anonymous_21)
FN:455,(anonymous_22)
FN:466,(anonymous_23)
FN:485,(anonymous_24)
FNF:25
FNH:6
FNDA:1,(anonymous_0)
FNDA:0,(anonymous_1)
FNDA:0,(anonymous_2)
FNDA:1,(anonymous_3)
FNDA:0,(anonymous_4)
FNDA:0,(anonymous_5)
FNDA:0,(anonymous_6)
FNDA:0,(anonymous_7)
FNDA:0,(anonymous_8)
FNDA:0,(anonymous_9)
FNDA:0,(anonymous_10)
FNDA:39,(anonymous_11)
FNDA:117,(anonymous_12)
FNDA:0,(anonymous_13)
FNDA:0,(anonymous_14)
FNDA:13,(anonymous_15)
FNDA:13,(anonymous_16)
FNDA:0,(anonymous_17)
FNDA:0,(anonymous_18)
FNDA:0,(anonymous_19)
FNDA:0,(anonymous_20)
FNDA:0,(anonymous_21)
FNDA:0,(anonymous_22)
FNDA:0,(anonymous_23)
FNDA:0,(anonymous_24)
DA:18,1
DA:19,0
DA:22,1
DA:24,1
DA:25,1
DA:27,1
DA:28,1
DA:30,1
DA:31,1
DA:35,1
DA:38,1
DA:41,1
DA:44,1
DA:47,1
DA:50,1
DA:52,1
DA:54,1
DA:65,0
DA:67,0
DA:68,0
DA:71,0
DA:91,1
DA:105,0
DA:121,0
DA:122,0
DA:123,0
DA:126,0
DA:127,0
DA:129,0
DA:144,0
DA:146,0
DA:147,0
DA:148,0
DA:151,0
DA:167,0
DA:169,0
DA:171,0
DA:172,0
DA:174,0
DA:175,0
DA:177,0
DA:178,0
DA:180,0
DA:181,0
DA:183,0
DA:191,0
DA:192,0
DA:193,0
DA:195,0
DA:201,0
DA:202,0
DA:203,0
DA:205,0
DA:211,0
DA:212,0
DA:213,0
DA:215,0
DA:229,39
DA:235,117
DA:247,0
DA:248,0
DA:251,0
DA:252,0
DA:266,0
DA:267,0
DA:268,0
DA:269,0
DA:273,0
DA:274,0
DA:275,0
DA:292,13
DA:293,5
DA:294,10
DA:295,0
DA:299,8
DA:300,28
DA:301,0
DA:306,13
DA:329,13
DA:330,0
DA:333,13
DA:335,13
DA:336,1
DA:339,13
DA:352,13
DA:353,5
DA:355,8
DA:368,0
DA:369,0
DA:372,0
DA:373,0
DA:374,0
DA:375,0
DA:379,0
DA:380,0
DA:381,0
DA:386,0
DA:387,0
DA:399,0
DA:400,0
DA:402,0
DA:414,0
DA:415,0
DA:418,0
DA:430,0
DA:431,0
DA:434,0
DA:445,0
DA:456,0
DA:468,0
DA:469,0
DA:472,0
DA:473,0
DA:474,0
DA:487,0
DA:488,0
DA:491,0
LF:117
LH:33
BRDA:16,0,0,1
BRDA:18,1,0,0
BRDA:18,1,1,1
BRDA:24,2,0,1
BRDA:24,2,1,0
BRDA:24,3,0,1
BRDA:24,3,1,0
BRDA:27,4,0,1
BRDA:27,4,1,0
BRDA:30,5,0,1
BRDA:30,5,1,0
BRDA:121,6,0,0
BRDA:121,6,1,0
BRDA:121,7,0,0
BRDA:121,7,1,0
BRDA:126,8,0,0
BRDA:126,8,1,0
BRDA:126,9,0,0
BRDA:126,9,1,0
BRDA:126,9,2,0
BRDA:146,10,0,0
BRDA:146,10,1,0
BRDA:146,11,0,0
BRDA:146,11,1,0
BRDA:147,12,0,0
BRDA:147,12,1,0
BRDA:171,13,0,0
BRDA:171,13,1,0
BRDA:171,14,0,0
BRDA:171,14,1,0
BRDA:172,15,0,0
BRDA:172,15,1,0
BRDA:172,15,2,0
BRDA:172,15,3,0
BRDA:191,16,0,0
BRDA:191,16,1,0
BRDA:191,17,0,0
BRDA:191,17,1,0
BRDA:191,17,2,0
BRDA:191,17,3,0
BRDA:191,17,4,0
BRDA:191,17,5,0
BRDA:192,18,0,0
BRDA:192,18,1,0
BRDA:201,19,0,0
BRDA:201,19,1,0
BRDA:201,20,0,0
BRDA:201,20,1,0
BRDA:201,20,2,0
BRDA:201,20,3,0
BRDA:201,20,4,0
BRDA:201,20,5,0
BRDA:201,20,6,0
BRDA:201,20,7,0
BRDA:201,20,8,0
BRDA:201,20,9,0
BRDA:201,20,10,0
BRDA:201,20,11,0
BRDA:202,21,0,0
BRDA:202,21,1,0
BRDA:211,22,0,0
BRDA:211,22,1,0
BRDA:211,23,0,0
BRDA:211,23,1,0
BRDA:211,23,2,0
BRDA:211,23,3,0
BRDA:211,23,4,0
BRDA:211,23,5,0
BRDA:212,24,0,0
BRDA:212,24,1,0
BRDA:266,25,0,0
BRDA:266,25,1,0
BRDA:268,26,0,0
BRDA:268,26,1,0
BRDA:274,27,0,0
BRDA:274,27,1,0
BRDA:292,28,0,5
BRDA:292,28,1,8
BRDA:294,29,0,0
BRDA:294,29,1,10
BRDA:300,30,0,0
BRDA:300,30,1,28
BRDA:329,31,0,0
BRDA:329,31,1,13
BRDA:329,32,0,13
BRDA:329,32,1,13
BRDA:333,33,0,13
BRDA:333,33,1,0
BRDA:335,34,0,1
BRDA:335,34,1,12
BRDA:335,35,0,13
BRDA:335,35,1,5
BRDA:352,36,0,5
BRDA:352,36,1,8
BRDA:368,37,0,0
BRDA:368,37,1,0
BRDA:372,38,0,0
BRDA:372,38,1,0
BRDA:374,39,0,0
BRDA:374,39,1,0
BRDA:380,40,0,0
BRDA:380,40,1,0
BRDA:386,41,0,0
BRDA:386,41,1,0
BRDA:386,42,0,0
BRDA:386,42,1,0
BRDA:414,43,0,0
BRDA:414,43,1,0
BRDA:430,44,0,0
BRDA:430,44,1,0
BRDA:468,45,0,0
BRDA:468,45,1,0
BRDA:468,46,0,0
BRDA:468,46,1,0
BRDA:487,47,0,0
BRDA:487,47,1,0
BRF:116
BRH:20
end_of_record
TN:
SF:front/js/utils/Utils.js
FN:4,(anonymous_0)
FN:16,(anonymous_1)
FN:23,(anonymous_2)
FN:24,(anonymous_3)
FN:30,(anonymous_4)
FN:39,(anonymous_5)
FN:71,(anonymous_6)
FN:113,(anonymous_7)
FN:135,(anonymous_8)
FN:144,(anonymous_9)
FN:145,(anonymous_10)
FN:149,(anonymous_11)
FN:193,(anonymous_12)
FN:198,(anonymous_13)
FN:227,(anonymous_14)
FN:284,(anonymous_15)
FN:294,(anonymous_16)
FN:295,(anonymous_17)
FNF:18
FNH:2
FNDA:1,(anonymous_0)
FNDA:0,(anonymous_1)
FNDA:0,(anonymous_2)
FNDA:0,(anonymous_3)
FNDA:0,(anonymous_4)
FNDA:0,(anonymous_5)
FNDA:0,(anonymous_6)
FNDA:0,(anonymous_7)
FNDA:2,(anonymous_8)
FNDA:0,(anonymous_9)
FNDA:0,(anonymous_10)
FNDA:0,(anonymous_11)
FNDA:0,(anonymous_12)
FNDA:0,(anonymous_13)
FNDA:0,(anonymous_14)
FNDA:0,(anonymous_15)
FNDA:0,(anonymous_16)
FNDA:0,(anonymous_17)
DA:6,1
DA:7,0
DA:10,1
DA:12,1
DA:17,0
DA:18,0
DA:19,0
DA:24,0
DA:25,0
DA:31,0
DA:32,0
DA:33,0
DA:40,0
DA:42,0
DA:43,0
DA:44,0
DA:45,0
DA:46,0
DA:47,0
DA:51,0
DA:52,0
DA:53,0
DA:54,0
DA:55,0
DA:72,0
DA:80,0
DA:81,0
DA:82,0
DA:83,0
DA:86,0
DA:87,0
DA:90,0
DA:91,0
DA:94,0
DA:95,0
DA:98,0
DA:99,0
DA:103,0
DA:104,0
DA:105,0
DA:106,0
DA:108,0
DA:114,0
DA:115,0
DA:116,0
DA:136,2
DA:137,0
DA:139,2
DA:140,2
DA:145,0
DA:150,0
DA:151,0
DA:152,0
DA:154,0
DA:155,0
DA:158,0
DA:159,0
DA:160,0
DA:161,0
DA:162,0
DA:163,0
DA:165,0
DA:166,0
DA:168,0
DA:170,0
DA:171,0
DA:173,0
DA:176,0
DA:177,0
DA:178,0
DA:179,0
DA:180,0
DA:181,0
DA:185,0
DA:186,0
DA:187,0
DA:189,0
DA:194,0
DA:200,0
DA:201,0
DA:202,0
DA:203,0
DA:205,0
DA:207,0
DA:208,0
DA:209,0
DA:210,0
DA:211,0
DA:212,0
DA:213,0
DA:215,0
DA:216,0
DA:217,0
DA:218,0
DA:219,0
DA:220,0
DA:223,0
DA:229,0
DA:230,0
DA:233,0
DA:234,0
DA:237,0
DA:238,0
DA:239,0
DA:240,0
DA:243,0
DA:244,0
DA:247,0
DA:248,0
DA:251,0
DA:252,0
DA:254,0
DA:257,0
DA:259,0
DA:260,0
DA:261,0
DA:262,0
DA:263,0
DA:266,0
DA:267,0
DA:268,0
DA:269,0
DA:270,0
DA:273,0
DA:274,0
DA:275,0
DA:276,0
DA:277,0
DA:280,0
DA:285,0
DA:286,0
DA:295,0
DA:296,0
DA:297,0
DA:299,0
LF:135
LH:6
BRDA:6,0,0,0
BRDA:6,0,1,1
BRDA:31,1,0,0
BRDA:31,1,1,0
BRDA:31,2,0,0
BRDA:31,2,1,0
BRDA:40,3,0,0
BRDA:40,3,1,0
BRDA:45,4,0,0
BRDA:45,4,1,0
BRDA:45,5,0,0
BRDA:45,5,1,0
BRDA:51,6,0,0
BRDA:51,6,1,0
BRDA:86,7,0,0
BRDA:86,7,1,0
BRDA:90,8,0,0
BRDA:90,8,1,0
BRDA:94,9,0,0
BRDA:94,9,1,0
BRDA:98,10,0,0
BRDA:98,10,1,0
BRDA:103,11,0,0
BRDA:103,11,1,0
BRDA:105,12,0,0
BRDA:105,12,1,0
BRDA:115,13,0,0
BRDA:115,13,1,0
BRDA:136,14,0,0
BRDA:136,14,1,2
BRDA:136,15,0,2
BRDA:136,15,1,2
BRDA:139,16,0,2
BRDA:139,16,1,0
BRDA:144,17,0,0
BRDA:152,18,0,0
BRDA:152,18,1,0
BRDA:154,19,0,0
BRDA:154,19,1,0
BRDA:165,20,0,0
BRDA:165,20,1,0
BRDA:165,20,2,0
BRDA:166,21,0,0
BRDA:166,21,1,0
BRDA:166,21,2,0
BRDA:229,22,0,0
BRDA:229,22,1,0
BRDA:229,23,0,0
BRDA:229,23,1,0
BRDA:229,23,2,0
BRDA:229,23,3,0
BRDA:233,24,0,0
BRDA:233,24,1,0
BRDA:238,25,0,0
BRDA:238,25,1,0
BRDA:243,26,0,0
BRDA:243,26,1,0
BRDA:243,27,0,0
BRDA:243,27,1,0
BRDA:247,28,0,0
BRDA:247,28,1,0
BRDA:248,29,0,0
BRDA:248,29,1,0
BRDA:251,30,0,0
BRDA:251,30,1,0
BRDA:260,31,0,0
BRDA:260,31,1,0
BRDA:262,32,0,0
BRDA:262,32,1,0
BRDA:267,33,0,0
BRDA:267,33,1,0
BRDA:269,34,0,0
BRDA:269,34,1,0
BRDA:274,35,0,0
BRDA:274,35,1,0
BRDA:276,36,0,0
BRDA:276,36,1,0
BRDA:280,37,0,0
BRDA:280,37,1,0
BRDA:286,38,0,0
BRDA:286,38,1,0
BRDA:297,39,0,0
BRDA:297,39,1,0
BRF:83
BRH:5
end_of_record
TN:
SF:front/js/utils/enum/PlayerPlaybackMode.js
FNF:0
FNH:0
LF:0
LH:0
BRF:0
BRH:0
end_of_record
TN:
SF:front/js/utils/enum/PlayerRepeatMode.js
FNF:0
FNH:0
LF:0
LH:0
BRF:0
BRH:0
end_of_record
TN:
SF:front/js/utils/enum/ProgressControl.js
FNF:0
FNH:0
DA:1,1
LF:1
LH:1
BRF:0
BRH:0
end_of_record
TN:
SF:front/js/utils/enum/VolumeControl.js
FNF:0
FNH:0
DA:5,1
LF:1
LH:1
BRF:0
BRH:0
end_of_record
TN:
SF:front/test/test-context.js
FNF:0
FNH:0
DA:4,1
DA:5,1
LF:2
LH:2
BRF:0
BRH:0
end_of_record
TN:
SF:front/test/specs/unit/Controller.spec.js
FN:12,(anonymous_0)
FN:13,(anonymous_1)
FN:17,(anonymous_2)
FN:20,(anonymous_3)
FN:36,(anonymous_4)
FN:38,(anonymous_5)
FNF:6
FNH:4
FNDA:0,(anonymous_0)
FNDA:0,(anonymous_1)
FNDA:1,(anonymous_2)
FNDA:1,(anonymous_3)
FNDA:1,(anonymous_4)
FNDA:13,(anonymous_5)
DA:11,1
DA:17,1
DA:20,1
DA:21,1
DA:22,1
DA:23,1
DA:24,1
DA:25,1
DA:26,1
DA:27,1
DA:28,1
DA:29,1
DA:30,1
DA:31,1
DA:32,1
DA:36,1
DA:37,1
DA:38,1
DA:39,13
DA:42,1
DA:43,1
DA:44,1
LF:22
LH:22
BRF:0
BRH:0
end_of_record
TN:
SF:front/test/utils/MzkFakeInfra.js
FNF:0
FNH:0
DA:9,1
DA:10,1
DA:11,1
DA:12,1
DA:13,1
LF:5
LH:5
BRF:0
BRH:0
end_of_record
